2018-09-26 10:31:28,030 - jnordin - INFO - SN ZTF18aasdted classified with type SN Ia, skipping.
2018-09-26 10:31:30,420 - jnordin - INFO - SN ZTF18aauvptt classified with type AGN, skipping.
2018-09-26 10:31:44,940 - jnordin - INFO - Not enugh good data for SN ZTF18ablviog. Manual inspection prob needed.
2018-09-26 10:31:55,094 - jnordin - INFO - SN ZTF18abmxfrc classified with type SN Ia, skipping.
2018-09-26 10:31:57,395 - jnordin - INFO - SN ZTF18abnxhmc classified with type SN Ia, skipping.
2018-09-26 10:31:57,395 - jnordin - INFO - SN ZTF18abnvnqb classified with type SN Ia, skipping.
2018-09-26 10:31:57,396 - jnordin - INFO - SN ZTF18abkxlcz classified with type SN Ia, skipping.
2018-09-26 10:31:59,255 - jnordin - INFO - SN ZTF18abmnvkx classified with type AGN, skipping.
2018-09-26 10:31:59,255 - jnordin - INFO - SN ZTF18aboaeqy classified with type SN Ia, skipping.
2018-09-26 10:32:06,452 - jnordin - INFO - Not enugh good data for SN ZTF18abmjayl. Manual inspection prob needed.
2018-09-26 10:32:10,052 - jnordin - INFO - Not enugh good data for SN ZTF18abmszpd. Manual inspection prob needed.
2018-09-26 10:32:15,457 - jnordin - INFO - SN ZTF18abntwvr has too few filters for saltfit.
2018-09-26 10:32:32,031 - jnordin - INFO - Not enugh good data for SN ZTF18abmadcc. Manual inspection prob needed.
2018-09-26 10:32:33,585 - jnordin - INFO - Not enugh good data for SN ZTF18ablrwlk. Manual inspection prob needed.
2018-09-26 10:32:35,131 - jnordin - INFO - Not enugh good data for SN ZTF18abmdfba. Manual inspection prob needed.
2018-09-26 10:32:36,669 - jnordin - INFO - Not enugh good data for SN ZTF18abmorft. Manual inspection prob needed.
2018-09-26 10:32:38,225 - jnordin - INFO - Not enugh good data for SN ZTF18abmpbjy. Manual inspection prob needed.
2018-09-26 10:32:49,963 - jnordin - INFO - SN ZTF18abmwuml has too few filters for saltfit.
2018-09-26 10:33:01,272 - jnordin - INFO - SN ZTF18abncqfx has too few filters for saltfit.
2018-09-26 10:33:05,327 - jnordin - INFO - Not enugh good data for SN ZTF18abnzgwe. Manual inspection prob needed.
2018-09-26 10:33:11,384 - jnordin - INFO - SN ZTF18abnucig classified with type SN Ia, skipping.
2018-09-26 10:33:11,385 - jnordin - INFO - SN ZTF18abglwpn classified with type AGN, skipping.
2018-09-26 10:33:11,386 - jnordin - INFO - SN ZTF18abmaewl classified with type SN Ia, skipping.
2018-09-26 10:33:13,220 - jnordin - INFO - SN ZTF18ablwafp classified with type SLSN-I?, skipping.
2018-09-26 10:33:13,221 - jnordin - INFO - SN ZTF18abmjcbs classified with type SN Ia, skipping.
2018-09-26 10:33:17,088 - jnordin - INFO - SN ZTF18abncimo classified with type SN Ia, skipping.
2018-09-26 10:33:17,089 - jnordin - INFO - SN ZTF18abnygkb classified with type SN Ia, skipping.
2018-09-26 10:33:19,482 - jnordin - INFO - SN ZTF18abnvoel classified with type SN Ia, skipping.
2018-09-26 10:33:21,626 - jnordin - INFO - Not enugh good data for SN ZTF18aboqvfa. Manual inspection prob needed.
2018-09-26 10:33:23,273 - jnordin - INFO - Not enugh good data for SN ZTF18aborbhi. Manual inspection prob needed.
2018-09-26 10:33:25,291 - jnordin - INFO - SN ZTF18aborkxd has too few filters for saltfit.
2018-09-26 10:33:26,879 - jnordin - INFO - SN ZTF18aborkox has too few filters for saltfit.
2018-09-26 10:33:28,881 - jnordin - INFO - Not enugh good data for SN ZTF18abmkbqo. Manual inspection prob needed.
2018-09-26 10:33:32,461 - jnordin - INFO - SN ZTF18abotaki has too few filters for saltfit.
2018-09-26 10:33:34,159 - jnordin - INFO - SN ZTF18abpavnx has too few filters for saltfit.
2018-09-26 10:33:34,160 - jnordin - INFO - SN ZTF18abpaywm classified with type SN Ia, skipping.
2018-09-26 10:33:34,161 - jnordin - INFO - SN ZTF18aboztta classified with type SN Ia, skipping.
2018-09-26 10:33:34,162 - jnordin - INFO - SN ZTF18abmwpyl classified with type SN Ia, skipping.
2018-09-26 10:33:34,167 - jnordin - INFO - SN ZTF18abpttky classified with type SN Ia, skipping.
2018-09-26 10:33:36,159 - jnordin - INFO - Not enugh good data for SN ZTF18abanjoi. Manual inspection prob needed.
2018-09-26 10:33:41,771 - jnordin - INFO - SN ZTF18abnuhuy classified with type AGN, skipping.
2018-09-26 10:33:41,772 - jnordin - INFO - SN ZTF18abrlupd classified with type SN Ia, skipping.
2018-09-26 10:33:43,725 - jnordin - INFO - SN ZTF18abmskzu has too few filters for saltfit.
2018-09-26 10:33:47,563 - jnordin - INFO - SN ZTF18abqbuaj classified with type SN Ibn, skipping.
2018-09-26 10:33:47,564 - jnordin - INFO - SN ZTF18abqboud classified with type CV, skipping.
2018-09-26 10:33:47,564 - jnordin - INFO - SN ZTF18abqlpgq classified with type SN Ia, skipping.
2018-09-26 10:33:47,565 - jnordin - INFO - SN ZTF18abqbavl classified with type SN Ia, skipping.
2018-09-26 10:33:47,566 - jnordin - INFO - SN ZTF18abqdadp classified with type SN Ia, skipping.
2018-09-26 10:33:52,224 - jnordin - INFO - SN ZTF18abrwudp classified with type SN Ia, skipping.
2018-09-26 10:33:59,759 - jnordin - INFO - SN ZTF18abqjvyl classified with type SN Ia, skipping.
2018-09-26 10:34:01,646 - jnordin - INFO - SN ZTF18abpaori has too few filters for saltfit.
2018-09-26 10:34:05,346 - jnordin - INFO - SN ZTF18abolvoh classified with type SN Ia, skipping.
2018-09-26 10:34:11,084 - jnordin - INFO - SN ZTF18abrzevz classified with type SN Ia, skipping.
2018-09-26 10:34:11,085 - jnordin - INFO - SN ZTF18abqyvzy classified with type SN II, skipping.
2018-09-26 10:34:11,086 - jnordin - INFO - SN ZTF18absbsoz classified with type SN Ia, skipping.
2018-09-26 10:34:11,087 - jnordin - INFO - SN ZTF18ablvime classified with type SN Ia, skipping.
2018-09-26 10:34:13,147 - jnordin - INFO - SN ZTF18absdxpk classified with type SN Ia, skipping.
2018-09-26 10:34:13,148 - jnordin - INFO - SN ZTF18absliyc classified with type SN Ia pec, skipping.
2018-09-26 10:34:15,409 - jnordin - INFO - SN ZTF18absldfl classified with type SN II, skipping.
2018-09-26 10:34:23,480 - jnordin - INFO - SN ZTF18abotcjv classified with type SN Ia, skipping.
2018-09-26 10:34:23,481 - jnordin - INFO - SN ZTF18abnysyy classified with type SN Ia, skipping.
2018-09-26 10:34:25,856 - jnordin - INFO - SN ZTF18abshezu classified with type SLSN-I, skipping.
2018-09-26 10:34:25,857 - jnordin - INFO - SN ZTF18abryewg classified with type SN Ia 91T-like, skipping.
2018-09-26 10:34:25,862 - jnordin - INFO - SN ZTF18abssukb classified with type SN Ia, skipping.
2018-09-26 10:34:25,866 - jnordin - INFO - SN ZTF18absdjms classified with type SN Ia, skipping.
2018-09-26 10:34:54,889 - jnordin - INFO - SN ZTF18absumwc has too few filters for saltfit.
2018-09-26 10:35:06,109 - jnordin - INFO - SN ZTF18abukmty classified with type SN Ia, skipping.
2018-09-26 10:35:08,374 - jnordin - INFO - SN ZTF18abvbayb classified with type SN Ia, skipping.
2018-09-26 10:35:10,778 - jnordin - INFO - SN ZTF18abuhiaj has too few filters for saltfit.
2018-09-26 10:35:10,779 - jnordin - INFO - SN ZTF18abqapch classified with type SN Ia, skipping.
2018-09-26 10:35:13,435 - jnordin - INFO - SN ZTF18abuiknd classified with type SN Ia, skipping.
2018-09-26 10:35:16,904 - jnordin - INFO - SN ZTF18abtxvhy has too few filters for saltfit.
2018-09-26 10:35:16,906 - jnordin - INFO - SN ZTF18abslxhz classified with type SN Ia, skipping.
2018-09-26 10:35:19,475 - jnordin - INFO - SN ZTF18abwdcdv classified with type SN Ia, skipping.
2018-09-26 10:35:25,613 - jnordin - INFO - SN ZTF18abwclem has too few filters for saltfit.
2018-09-26 10:35:33,809 - jnordin - INFO - SN ZTF18abwlonm has too few filters for saltfit.
2018-09-26 10:35:39,945 - jnordin - INFO - SN ZTF18abwbaim has too few filters for saltfit.
2018-09-26 10:35:45,582 - jnordin - INFO - SN ZTF18abwxhjo has too few filters for saltfit.
2018-09-26 10:35:45,583 - jnordin - INFO - SN ZTF18abucvbf classified with type SN Ia, skipping.
2018-09-26 10:35:47,631 - jnordin - INFO - SN ZTF18abwlopg has too few filters for saltfit.
2018-09-26 10:36:02,853 - jnordin - INFO - SN ZTF18abvkhul classified with type SN Ia, skipping.
2018-09-26 10:36:10,666 - jnordin - INFO - SN ZTF18abxfcql has too few filters for saltfit.
2018-09-26 10:36:10,667 - jnordin - INFO - SN ZTF18abtcdfv classified with type SN Ia, skipping.
2018-09-26 10:36:10,668 - jnordin - INFO - SN ZTF18absiymj classified with type SN Ia, skipping.
2018-09-26 10:36:12,206 - jnordin - INFO - SN ZTF18abylgru has too few filters for saltfit.
2018-09-26 10:36:27,399 - jnordin - INFO - SN ZTF18abdkkwa classified with type SN Ic, skipping.
2018-09-26 10:49:35,084 - jnordin - INFO - ZTF18aakgsmi Faded too much while waiting. Call P200 or Keck?
2018-09-26 10:49:50,855 - jnordin - INFO - Object ZTF18aaupjtd most likely not SNIa. 
2018-09-26 10:49:53,150 - jnordin - INFO - Object ZTF18abmwzws most likely not SNIa. 
2018-09-26 10:49:56,278 - jnordin - INFO - Too little data of ZTF18abddhaa, skip. 
2018-09-26 10:50:01,312 - jnordin - INFO - Too little data of ZTF18abddgzz, skip. 
2018-09-26 10:50:03,838 - jnordin - INFO - Too little data of ZTF18abgucjb, skip. 
2018-09-26 10:50:07,409 - jnordin - INFO - Object ZTF18ablvpuj most likely not SNIa. 
2018-09-26 10:50:11,752 - jnordin - INFO - Too little data of ZTF18ablqqeb, skip. 
2018-09-26 10:50:26,615 - jnordin - INFO - Nice looking likely SN ZTF18ablllyw.
2018-09-26 10:50:32,083 - jnordin - INFO - Object ZTF18ablwwwb most likely not SNIa. 
2018-09-26 10:50:35,307 - jnordin - INFO - Too little data of ZTF18ablowct, skip. 
2018-09-26 10:50:38,815 - jnordin - INFO - Object ZTF18abmjzjq most likely not SNIa. 
2018-09-26 10:50:43,428 - jnordin - INFO - Too little data of ZTF18abokvkt, skip. 
2018-09-26 10:50:48,111 - jnordin - INFO - Object ZTF18aboivnq most likely not SNIa. 
2018-09-26 10:50:50,868 - jnordin - INFO - Object ZTF18abnblil most likely not SNIa. 
2018-09-26 10:50:53,662 - jnordin - INFO - Too little data of ZTF18ablovvu, skip. 
2018-09-26 10:50:55,574 - jnordin - INFO - Too little data of ZTF18abmacke, skip. 
2018-09-26 10:50:58,892 - jnordin - INFO - Object ZTF18aayhpph most likely not SNIa. 
2018-09-26 10:51:02,235 - jnordin - INFO - Too little data of ZTF18abmrqmv, skip. 
2018-09-26 10:51:04,085 - jnordin - INFO - Too little data of ZTF18abmdxst, skip. 
2018-09-26 10:51:12,718 - jnordin - INFO - Object ZTF17aaaafcd most likely not SNIa. 
2018-09-26 10:51:18,725 - jnordin - INFO - Object ZTF18ablxhtc most likely not SNIa. 
2018-09-26 10:51:23,056 - jnordin - INFO - Object ZTF18ablxjic most likely not SNIa. 
2018-09-26 10:51:25,331 - jnordin - INFO - Too little data of ZTF18abmmxpg, skip. 
2018-09-26 10:51:27,878 - jnordin - INFO - Too little data of ZTF18ablpztl, skip. 
2018-09-26 10:51:33,649 - jnordin - INFO - Object ZTF18ablskwf most likely not SNIa. 
2018-09-26 10:51:36,096 - jnordin - INFO - Too little data of ZTF18abmnssw, skip. 
2018-09-26 10:51:37,918 - jnordin - INFO - Too little data of ZTF18ablvibs, skip. 
2018-09-26 10:51:40,108 - jnordin - INFO - Too little data of ZTF18abnunsl, skip. 
2018-09-26 10:51:42,088 - jnordin - INFO - Too little data of ZTF18abnpbjv, skip. 
2018-09-26 10:51:43,611 - jnordin - INFO - Too little data of ZTF18abnudmu, skip. 
2018-09-26 10:51:45,883 - jnordin - INFO - Too little data of ZTF18abobtul, skip. 
2018-09-26 10:51:48,677 - jnordin - INFO - Too little data of ZTF18aboqwkr, skip. 
2018-09-26 10:51:58,331 - jnordin - INFO - Object ZTF18abmkdun most likely not SNIa. 
2018-09-26 10:52:01,048 - jnordin - INFO - Too little data of ZTF18abnbhpu, skip. 
2018-09-26 10:52:04,818 - jnordin - INFO - Object ZTF18abmnbne most likely not SNIa. 
2018-09-26 10:52:06,902 - jnordin - INFO - Object ZTF18abmkaca most likely not SNIa. 
2018-09-26 10:52:09,755 - jnordin - INFO - Object ZTF18abnvzah most likely not SNIa. 
2018-09-26 10:52:12,440 - jnordin - INFO - Too little data of ZTF18abnnnzk, skip. 
2018-09-26 10:52:20,697 - jnordin - INFO - Object ZTF18abpudlt most likely not SNIa. 
2018-09-26 10:52:24,670 - jnordin - INFO - Too little data of ZTF18abnujcx, skip. 
2018-09-26 10:52:27,534 - jnordin - INFO - Too little data of ZTF18aaovssm, skip. 
2018-09-26 10:52:29,703 - jnordin - INFO - Too little data of ZTF18ablruzq, skip. 
2018-09-26 10:52:31,645 - jnordin - INFO - Too little data of ZTF18ablwtla, skip. 
2018-09-26 10:52:39,990 - jnordin - INFO - Object ZTF18abglikj most likely not SNIa. 
2018-09-26 10:52:42,411 - jnordin - INFO - Too little data of ZTF18ablrmnj, skip. 
2018-09-26 10:52:44,283 - jnordin - INFO - Too little data of ZTF18abrxwon, skip. 
2018-09-26 10:52:47,807 - jnordin - INFO - Object ZTF18abqcyqv most likely not SNIa. 
2018-09-26 10:53:20,118 - jnordin - INFO - Too little data of ZTF18abrzuqw, skip. 
2018-09-26 10:53:24,352 - jnordin - INFO - Object ZTF18aayejrb most likely not SNIa. 
2018-09-26 10:53:27,352 - jnordin - INFO - Too little data of ZTF18abrwwlv, skip. 
2018-09-26 10:53:30,244 - jnordin - INFO - Too little data of ZTF18absdeij, skip. 
2018-09-26 10:53:41,482 - jnordin - INFO - ZTF18ablmduj Faded too much while waiting. Call P200 or Keck?
2018-09-26 10:53:44,271 - jnordin - INFO - Too little data of ZTF18ablhsgt, skip. 
2018-09-26 10:53:46,218 - jnordin - INFO - Too little data of ZTF18abnorzb, skip. 
2018-09-26 10:53:52,819 - jnordin - INFO - Too little data of ZTF18abottbj, skip. 
2018-09-26 10:53:57,416 - jnordin - INFO - Object ZTF18absqsey most likely not SNIa. 
2018-09-26 10:54:18,809 - jnordin - INFO - Too little data of ZTF18absloer, skip. 
2018-09-26 10:54:30,503 - jnordin - INFO - Too little data of ZTF18abklshn, skip. 
2018-09-26 10:54:49,406 - jnordin - INFO - Get SN ZTF18abthaii if we can.
2018-09-26 10:54:52,520 - jnordin - INFO - Too little data of ZTF18abmwxvv, skip. 
2018-09-26 10:54:55,962 - jnordin - INFO - Nice looking likely SN ZTF18abtghbi.
2018-09-26 10:55:06,416 - jnordin - INFO - Get SN ZTF18abtswjk if we can.
2018-09-26 10:55:14,821 - jnordin - INFO - Too little data of ZTF18abwntpz, skip. 
2018-09-26 10:55:17,454 - jnordin - INFO - Too little data of ZTF18aabhooi, skip. 
2018-09-26 10:55:19,252 - jnordin - INFO - Too little data of ZTF18abwqgsc, skip. 
2018-09-26 10:55:21,597 - jnordin - INFO - Too little data of ZTF18abwkhdc, skip. 
2018-09-26 10:55:38,173 - jnordin - INFO - Get SN ZTF18abqdwze if we can.
2018-09-26 10:55:45,772 - jnordin - INFO - Too little data of ZTF18abxumzx, skip. 
2018-09-26 10:55:50,383 - jnordin - INFO - Object ZTF18abvhasp most likely not SNIa. 
2018-09-26 10:55:53,557 - jnordin - INFO - Object ZTF18absmogv most likely not SNIa. 
2018-09-26 10:56:00,954 - jnordin - INFO - Object ZTF17aaaadqv most likely not SNIa. 
2018-09-26 10:56:04,261 - jnordin - INFO - Too little data of ZTF18abbgdto, skip. 
2018-09-26 10:56:12,495 - jnordin - INFO - Get SN ZTF18abwfmot if we can.
2018-09-26 10:56:15,282 - jnordin - INFO - Nice looking likely SN ZTF18absoomk.
2018-09-26 10:56:20,867 - jnordin - INFO - Get SN ZTF18abvnwzz if we can.
2018-09-26 10:56:43,355 - jnordin - INFO - Adding ZTF18ablllyw to obs queue with setting VeryGood.
2018-09-26 10:56:43,359 - jnordin - INFO - Adding ZTF18abthaii to obs queue with setting Possibly.
2018-09-26 10:56:43,360 - jnordin - INFO - Adding ZTF18abtghbi to obs queue with setting VeryGood.
2018-09-26 10:56:43,361 - jnordin - INFO - Adding ZTF18abtswjk to obs queue with setting Possibly.
2018-09-26 10:56:43,363 - jnordin - INFO - Adding ZTF18abqdwze to obs queue with setting Possibly.
2018-09-26 10:56:43,364 - jnordin - INFO - Adding ZTF18abwfmot to obs queue with setting Possibly.
2018-09-26 10:56:43,366 - jnordin - INFO - Adding ZTF18absoomk to obs queue with setting VeryGood.
2018-09-26 10:56:43,367 - jnordin - INFO - Adding ZTF18abvnwzz to obs queue with setting Possibly.
2018-09-26 10:57:06,447 - jnordin - INFO - ZTF18abvnwzz could be Cosmology SEDM target? peakmag 19.28 recentmag 19.84.
2018-09-26 10:57:06,449 - jnordin - INFO - ZTF18abvnwzz could be Cosmology SEDM target? peakmag 18.9 recentmag 19.7275.
2018-09-26 10:57:06,453 - jnordin - INFO - ZTF18abvnwzz could be RCF target? peakmag 18.27 recentmag 19.231250000000003.
2018-09-26 10:57:06,456 - jnordin - INFO - ZTF18abvnwzz could be Cosmology SEDM target? peakmag 19.2 recentmag 19.41.
2018-09-26 10:57:06,458 - jnordin - INFO - ZTF18abvnwzz could be Cosmology SEDM target? peakmag 19.39 recentmag 19.93.
2018-09-26 10:57:06,460 - jnordin - INFO - ZTF18abvnwzz could be Cosmology SEDM target? peakmag 18.76 recentmag 18.964000000000002.
2018-09-26 10:57:06,462 - jnordin - INFO - ZTF18abvnwzz could be Cosmology SEDM target? peakmag 19.29 recentmag 19.354999999999997.
2018-09-26 10:57:06,465 - jnordin - INFO - ZTF18abvnwzz could be Cosmology SEDM target? peakmag 19.34 recentmag 19.34.
2018-09-26 10:57:06,468 - jnordin - INFO - ZTF18abvnwzz could be Cosmology SEDM target? peakmag 19.46 recentmag 19.675.
2018-09-26 10:57:06,470 - jnordin - INFO - ZTF18abvnwzz could be Cosmology SEDM target? peakmag 19.22 recentmag 19.436111111111114.
2018-09-26 10:57:06,472 - jnordin - INFO - ZTF18abvnwzz could be Cosmology SEDM target? peakmag 19.18 recentmag 19.236666666666668.
2018-09-26 10:57:06,475 - jnordin - INFO - ZTF18abvnwzz could be Cosmology SEDM target? peakmag 19.13 recentmag 19.2.
2018-09-26 10:57:06,477 - jnordin - INFO - ZTF18abvnwzz could be Cosmology SEDM target? peakmag 19.26 recentmag 19.41294117647059.
2018-09-26 10:57:06,481 - jnordin - INFO - ZTF18abvnwzz could be Cosmology SEDM target? peakmag 19.11 recentmag 19.1475.
2018-09-26 10:57:06,483 - jnordin - INFO - ZTF18abvnwzz could be Cosmology SEDM target? peakmag 19.37 recentmag 19.558.
2018-09-26 10:57:06,485 - jnordin - INFO - ZTF18abvnwzz could be Cosmology SEDM target? peakmag 18.84 recentmag 19.172448979591834.
2018-09-26 10:57:06,489 - jnordin - INFO - ZTF18abvnwzz could be Cosmology SEDM target? peakmag 19.07 recentmag 19.412857142857142.
2018-09-26 10:57:06,493 - jnordin - INFO - ZTF18abvnwzz could be Cosmology SEDM target? peakmag 19.0 recentmag 19.234482758620693.
2018-09-26 10:57:06,498 - jnordin - INFO - ZTF18abvnwzz could be Cosmology SEDM target? peakmag 18.99 recentmag 19.18166666666667.
2018-09-26 10:57:06,500 - jnordin - INFO - ZTF18abvnwzz could be Cosmology SEDM target? peakmag 18.73 recentmag 19.18217391304348.
2018-09-26 10:57:06,502 - jnordin - INFO - ZTF18abvnwzz could be RCF target? peakmag 18.37 recentmag 18.753333333333334.
2018-09-26 10:57:06,503 - jnordin - INFO - ZTF18abvnwzz could be Cosmology SEDM target? peakmag 19.08 recentmag 19.29625.
2018-09-26 10:57:06,506 - jnordin - INFO - ZTF18abvnwzz could be RCF target? peakmag 17.53 recentmag 17.53.
2018-09-26 10:57:06,508 - jnordin - INFO - ZTF18abvnwzz could be Cosmology SEDM target? peakmag 19.03 recentmag 19.8775.
2018-09-26 10:57:06,510 - jnordin - INFO - ZTF18abvnwzz could be RCF target? peakmag 17.99 recentmag 18.5.
2018-09-26 11:04:41,576 - jnordin - INFO - Triggered SEDM obs of: []
