2018-11-06 14:03:22,550 - jnordin - INFO - Cutting down alert info to subset with nrefframes keyword
2018-11-06 14:04:01,464 - jnordin - INFO - There were 565 candidates reported 2018-11-06
2018-11-06 14:04:53,336 - jnordin - INFO - Out of these 72 already have Marshal type and will be skipped.
2018-11-06 14:04:58,864 - jnordin - INFO - 70 have a catalog z larger than 0.1  and will be skipped.
2018-11-06 14:05:04,170 - jnordin - INFO - Detected 11 already saved candidates and 412 new
2018-11-06 14:05:23,231 - jnordin - INFO - 2018-11-06: Skipping ZTF17aaaakxb, less than 5 detections
2018-11-06 14:05:23,235 - jnordin - INFO - 2018-11-06: Skipping ZTF17aaaazvg, never reached limit 19.5
2018-11-06 14:05:23,240 - jnordin - INFO - 2018-11-06: Skipping ZTF17aaabonq, less than 5 detections
2018-11-06 14:05:23,242 - jnordin - INFO - 2018-11-06: Skipping ZTF17aaatlgs, never reached limit 19.5
2018-11-06 14:05:23,248 - jnordin - INFO - 2018-11-06: Skipping ZTF18aaaapyn, less than 5 detections
2018-11-06 14:05:23,252 - jnordin - INFO - 2018-11-06: Skipping ZTF18aaalogs, never reached limit 19.5
2018-11-06 14:05:23,257 - jnordin - INFO - 2018-11-06: Skipping ZTF18aaarwhm, less than 5 detections
2018-11-06 14:05:23,261 - jnordin - INFO - 2018-11-06: Skipping ZTF18aakchfv, less than 5 detections
2018-11-06 14:05:23,263 - jnordin - INFO - 2018-11-06: Skipping ZTF18aaporxf, less than 5 detections
2018-11-06 14:05:23,266 - jnordin - INFO - 2018-11-06: Skipping ZTF18aaqkjuw, less than 5 detections
2018-11-06 14:05:23,268 - jnordin - INFO - 2018-11-06: Skipping ZTF18aawrmvo, less than 5 detections
2018-11-06 14:05:23,271 - jnordin - INFO - 2018-11-06: Skipping ZTF18aaxvbau, less than 5 detections
2018-11-06 14:05:23,275 - jnordin - INFO - 2018-11-06: Skipping ZTF18aayjflv, less than 5 detections
2018-11-06 14:05:23,277 - jnordin - INFO - 2018-11-06: Skipping ZTF18aayvgin, less than 5 detections
2018-11-06 14:05:23,279 - jnordin - INFO - 2018-11-06: Skipping ZTF18aazfdxy, less than 5 detections
2018-11-06 14:05:23,281 - jnordin - INFO - 2018-11-06: Skipping ZTF18aazgacr, never reached limit 19.5
2018-11-06 14:05:23,283 - jnordin - INFO - 2018-11-06: Skipping ZTF18abaehcg, less than 5 detections
2018-11-06 14:05:23,286 - jnordin - INFO - 2018-11-06: Skipping ZTF18abbrizh, less than 5 detections
2018-11-06 14:05:23,294 - jnordin - INFO - 2018-11-06: Skipping ZTF18abctten, less than 5 detections
2018-11-06 14:05:23,295 - jnordin - INFO - 2018-11-06: Skipping ZTF18abdhxda, less than 5 detections
2018-11-06 14:05:23,300 - jnordin - INFO - 2018-11-06: Skipping ZTF18abecjrr, less than 5 detections
2018-11-06 14:05:23,302 - jnordin - INFO - 2018-11-06: Skipping ZTF18abgubgi, less than 5 detections
2018-11-06 14:05:23,304 - jnordin - INFO - 2018-11-06: Skipping ZTF18abgybta, less than 5 detections
2018-11-06 14:05:23,306 - jnordin - INFO - 2018-11-06: Skipping ZTF18abjaplb, less than 5 detections
2018-11-06 14:05:23,309 - jnordin - INFO - 2018-11-06: Skipping ZTF18abmdlnv, less than 5 detections
2018-11-06 14:05:23,311 - jnordin - INFO - 2018-11-06: Skipping ZTF18abmenfr, less than 5 detections
2018-11-06 14:05:23,314 - jnordin - INFO - 2018-11-06: Skipping ZTF18abmexrv, less than 5 detections
2018-11-06 14:05:23,321 - jnordin - INFO - 2018-11-06: Skipping ZTF18abmsmnc, only 1 filters
2018-11-06 14:05:23,324 - jnordin - INFO - 2018-11-06: Skipping ZTF18abmwfxd, less than 5 detections
2018-11-06 14:05:23,328 - jnordin - INFO - 2018-11-06: Skipping ZTF18abmwssp, less than 5 detections
2018-11-06 14:05:23,332 - jnordin - INFO - 2018-11-06: Skipping ZTF18abotssb, only 1 filters
2018-11-06 14:05:23,336 - jnordin - INFO - 2018-11-06: Skipping ZTF18abpevmd, never reached limit 19.5
2018-11-06 14:05:23,339 - jnordin - INFO - 2018-11-06: Skipping ZTF18abqcuir, never reached limit 19.5
2018-11-06 14:05:23,343 - jnordin - INFO - 2018-11-06: Skipping ZTF18abryyjs, less than 5 detections
2018-11-06 14:05:23,346 - jnordin - INFO - 2018-11-06: Skipping ZTF18absctbc, never reached limit 19.5
2018-11-06 14:05:23,349 - jnordin - INFO - 2018-11-06: Skipping ZTF18abszecm, never reached limit 19.5
2018-11-06 14:05:23,352 - jnordin - INFO - 2018-11-06: Skipping ZTF18abtnfnq, never reached limit 19.5
2018-11-06 14:05:23,359 - jnordin - INFO - 2018-11-06: Skipping ZTF18abuakbp, never reached limit 19.5
2018-11-06 14:05:23,362 - jnordin - INFO - 2018-11-06: Skipping ZTF18abuiuco, less than 5 detections
2018-11-06 14:05:23,366 - jnordin - INFO - 2018-11-06: Skipping ZTF18abuoave, never reached limit 19.5
2018-11-06 14:05:23,368 - jnordin - INFO - 2018-11-06: Skipping ZTF18abvoydx, never reached limit 19.5
2018-11-06 14:05:23,371 - jnordin - INFO - 2018-11-06: Skipping ZTF18abwsfdy, never reached limit 19.5
2018-11-06 14:05:23,375 - jnordin - INFO - 2018-11-06: Skipping ZTF18abxdker, less than 5 detections
2018-11-06 14:05:23,379 - jnordin - INFO - 2018-11-06: Skipping ZTF18abyaxyu, less than 5 detections
2018-11-06 14:05:23,383 - jnordin - INFO - 2018-11-06: Skipping ZTF18abybyqw, less than 5 detections
2018-11-06 14:05:23,387 - jnordin - INFO - 2018-11-06: Skipping ZTF18abyldss, never reached limit 19.5
2018-11-06 14:05:23,391 - jnordin - INFO - 2018-11-06: Skipping ZTF18acaeous, less than 5 detections
2018-11-06 14:05:23,394 - jnordin - INFO - 2018-11-06: Skipping ZTF18acahvwm, less than 5 detections
2018-11-06 14:05:23,396 - jnordin - INFO - 2018-11-06: Skipping ZTF18acajohy, never reached limit 19.5
2018-11-06 14:05:23,403 - jnordin - INFO - 2018-11-06: Skipping ZTF18acajsak, never reached limit 19.5
2018-11-06 14:05:23,415 - jnordin - INFO - 2018-11-06: Skipping ZTF18acaksoq, only 1 filters
2018-11-06 14:05:23,421 - jnordin - INFO - 2018-11-06: Skipping ZTF18acapxrt, less than 5 detections
2018-11-06 14:05:23,430 - jnordin - INFO - 2018-11-06: Skipping ZTF18acaqcdg, less than 5 detections
2018-11-06 14:05:23,432 - jnordin - INFO - 2018-11-06: Skipping ZTF18acarsme, never reached limit 19.5
2018-11-06 14:05:23,434 - jnordin - INFO - 2018-11-06: Skipping ZTF18acarupz, less than 5 detections
2018-11-06 14:05:23,436 - jnordin - INFO - 2018-11-06: Skipping ZTF18acasuxc, less than 5 detections
2018-11-06 14:05:23,438 - jnordin - INFO - 2018-11-06: Skipping ZTF18acatdkk, never reached limit 19.5
2018-11-06 14:05:23,440 - jnordin - INFO - 2018-11-06: Skipping ZTF18acbudqz, less than 5 detections
2018-11-06 14:05:23,448 - jnordin - INFO - 2018-11-06: Skipping ZTF18acbuemc, less than 5 detections
2018-11-06 14:05:23,450 - jnordin - INFO - 2018-11-06: Skipping ZTF18acbuvpb, less than 5 detections
2018-11-06 14:05:23,452 - jnordin - INFO - 2018-11-06: Skipping ZTF18acbuwcq, less than 5 detections
2018-11-06 14:05:23,453 - jnordin - INFO - 2018-11-06: Skipping ZTF18acbuyhf, never reached limit 19.5
2018-11-06 14:05:23,457 - jnordin - INFO - 2018-11-06: Skipping ZTF18acbuzrj, never reached limit 19.5
2018-11-06 14:05:23,463 - jnordin - INFO - 2018-11-06: Skipping ZTF18acbvemf, less than 5 detections
2018-11-06 14:05:23,467 - jnordin - INFO - 2018-11-06: Skipping ZTF18acbvgqw, less than 5 detections
2018-11-06 14:05:23,470 - jnordin - INFO - 2018-11-06: Skipping ZTF18acbvwfl, less than 5 detections
2018-11-06 14:05:23,474 - jnordin - INFO - 2018-11-06: Skipping ZTF18acbvwri, never reached limit 19.5
2018-11-06 14:05:23,476 - jnordin - INFO - 2018-11-06: Skipping ZTF18acbwabp, less than 5 detections
2018-11-06 14:05:23,482 - jnordin - INFO - 2018-11-06: Skipping ZTF18acbwagb, less than 5 detections
2018-11-06 14:05:23,486 - jnordin - INFO - 2018-11-06: Skipping ZTF18acbwasc, less than 5 detections
2018-11-06 14:05:23,491 - jnordin - INFO - 2018-11-06: Skipping ZTF18acbwasl, less than 5 detections
2018-11-06 14:05:23,495 - jnordin - INFO - 2018-11-06: Skipping ZTF18acbwayo, less than 5 detections
2018-11-06 14:05:23,499 - jnordin - INFO - 2018-11-06: Skipping ZTF18acbwazl, less than 5 detections
2018-11-06 14:05:23,502 - jnordin - INFO - 2018-11-06: Skipping ZTF18acbwele, less than 5 detections
2018-11-06 14:05:23,509 - jnordin - INFO - 2018-11-06: Skipping ZTF18acbwgdk, less than 5 detections
2018-11-06 14:05:23,517 - jnordin - INFO - 2018-11-06: Skipping ZTF18acbwiic, less than 5 detections
2018-11-06 14:05:23,520 - jnordin - INFO - 2018-11-06: Skipping ZTF18acbwjvc, less than 5 detections
2018-11-06 14:05:23,522 - jnordin - INFO - 2018-11-06: Skipping ZTF18acbwmhl, less than 5 detections
2018-11-06 14:05:23,524 - jnordin - INFO - 2018-11-06: Skipping ZTF18acbwpis, less than 5 detections
2018-11-06 14:05:23,526 - jnordin - INFO - 2018-11-06: Skipping ZTF18acbwpoc, less than 5 detections
2018-11-06 14:05:23,528 - jnordin - INFO - 2018-11-06: Skipping ZTF18acbwppb, less than 5 detections
2018-11-06 14:05:23,530 - jnordin - INFO - 2018-11-06: Skipping ZTF18acbwqbd, less than 5 detections
2018-11-06 14:05:23,531 - jnordin - INFO - 2018-11-06: Skipping ZTF18acbwrzi, less than 5 detections
2018-11-06 14:05:23,533 - jnordin - INFO - 2018-11-06: Skipping ZTF18acbwssb, less than 5 detections
2018-11-06 14:05:23,535 - jnordin - INFO - 2018-11-06: Skipping ZTF18acbwtez, less than 5 detections
2018-11-06 14:05:23,537 - jnordin - INFO - 2018-11-06: Skipping ZTF18acbwtkh, less than 5 detections
2018-11-06 14:05:23,539 - jnordin - INFO - 2018-11-06: Skipping ZTF18acbwtng, less than 5 detections
2018-11-06 14:05:23,541 - jnordin - INFO - 2018-11-06: Skipping ZTF18acbwtua, never reached limit 19.5
2018-11-06 14:05:23,543 - jnordin - INFO - 2018-11-06: Skipping ZTF18acbwvsp, less than 5 detections
2018-11-06 14:05:23,546 - jnordin - INFO - 2018-11-06: Skipping ZTF18acbwwjg, less than 5 detections
2018-11-06 14:05:23,550 - jnordin - INFO - 2018-11-06: Skipping ZTF18acbwxdm, less than 5 detections
2018-11-06 14:05:23,552 - jnordin - INFO - 2018-11-06: Skipping ZTF18acbwxjt, never reached limit 19.5
2018-11-06 14:05:23,554 - jnordin - INFO - 2018-11-06: Skipping ZTF18acbwxou, less than 5 detections
2018-11-06 14:05:23,556 - jnordin - INFO - 2018-11-06: Skipping ZTF18acbwxsw, less than 5 detections
2018-11-06 14:05:23,559 - jnordin - INFO - 2018-11-06: Skipping ZTF18acbxkop, less than 5 detections
2018-11-06 14:05:23,561 - jnordin - INFO - 2018-11-06: Skipping ZTF18acbxnpg, less than 5 detections
2018-11-06 14:05:23,563 - jnordin - INFO - 2018-11-06: Skipping ZTF18acbxoen, never reached limit 19.5
2018-11-06 14:05:23,565 - jnordin - INFO - 2018-11-06: Skipping ZTF18acbxqql, never reached limit 19.5
2018-11-06 14:05:23,569 - jnordin - INFO - 2018-11-06: Skipping ZTF18acbxupe, less than 5 detections
2018-11-06 14:05:23,572 - jnordin - INFO - 2018-11-06: Skipping ZTF18acbxutv, never reached limit 19.5
2018-11-06 14:05:23,574 - jnordin - INFO - 2018-11-06: Skipping ZTF18acbxvgz, never reached limit 19.5
2018-11-06 14:05:23,578 - jnordin - INFO - 2018-11-06: Skipping ZTF18acbxvom, less than 5 detections
2018-11-06 14:05:23,581 - jnordin - INFO - 2018-11-06: Skipping ZTF18acbxzge, less than 5 detections
2018-11-06 14:05:23,588 - jnordin - INFO - 2018-11-06: Skipping ZTF18acbxzju, never reached limit 19.5
2018-11-06 14:05:23,592 - jnordin - INFO - 2018-11-06: Skipping ZTF18acbxzmb, less than 5 detections
2018-11-06 14:05:23,608 - jnordin - INFO - 2018-11-06: Skipping ZTF18acbzqoc, less than 5 detections
2018-11-06 14:05:23,611 - jnordin - INFO - 2018-11-06: Skipping ZTF18acbzrcb, less than 5 detections
2018-11-06 14:05:23,619 - jnordin - INFO - 2018-11-06: Skipping ZTF18acbzwkm, less than 5 detections
2018-11-06 14:05:23,621 - jnordin - INFO - 2018-11-06: Skipping ZTF18accaoxg, less than 5 detections
2018-11-06 14:05:23,623 - jnordin - INFO - 2018-11-06: Skipping ZTF18accdzjv, less than 5 detections
2018-11-06 14:05:23,630 - jnordin - INFO - 2018-11-06: Skipping ZTF18accefwt, less than 5 detections
2018-11-06 14:05:23,633 - jnordin - INFO - 2018-11-06: Skipping ZTF18accekop, less than 5 detections
2018-11-06 14:05:23,636 - jnordin - INFO - 2018-11-06: Skipping ZTF18accepnx, less than 5 detections
2018-11-06 14:05:23,643 - jnordin - INFO - 2018-11-06: Skipping ZTF18accercc, less than 5 detections
2018-11-06 14:05:23,652 - jnordin - INFO - 2018-11-06: Skipping ZTF18accexwb, less than 5 detections
2018-11-06 14:05:23,655 - jnordin - INFO - 2018-11-06: Skipping ZTF18acchhpe, less than 5 detections
2018-11-06 14:05:23,659 - jnordin - INFO - 2018-11-06: Skipping ZTF18acchzkf, less than 5 detections
2018-11-06 14:05:23,663 - jnordin - INFO - 2018-11-06: Skipping ZTF18acciahr, never reached limit 19.5
2018-11-06 14:05:23,666 - jnordin - INFO - 2018-11-06: Skipping ZTF18accjvic, never reached limit 19.5
2018-11-06 14:05:23,671 - jnordin - INFO - 2018-11-06: Skipping ZTF18accjyim, never reached limit 19.5
2018-11-06 14:05:23,677 - jnordin - INFO - 2018-11-06: Skipping ZTF18accueea, never reached limit 19.5
2018-11-06 14:05:23,681 - jnordin - INFO - 2018-11-06: Skipping ZTF17aaadydr, never reached limit 19.5
2018-11-06 14:05:23,683 - jnordin - INFO - 2018-11-06: Skipping ZTF17aaaslrl, less than 5 detections
2018-11-06 14:05:23,685 - jnordin - INFO - 2018-11-06: Skipping ZTF17aachnrk, never reached limit 19.5
2018-11-06 14:05:23,688 - jnordin - INFO - 2018-11-06: Skipping ZTF17aaczrmd, less than 5 detections
2018-11-06 14:05:23,690 - jnordin - INFO - 2018-11-06: Skipping ZTF17aadhcyv, less than 5 detections
2018-11-06 14:05:23,691 - jnordin - INFO - 2018-11-06: Skipping ZTF18aaaatgm, never reached limit 19.5
2018-11-06 14:05:23,694 - jnordin - INFO - 2018-11-06: Skipping ZTF18aabiggl, never reached limit 19.5
2018-11-06 14:05:23,696 - jnordin - INFO - 2018-11-06: Skipping ZTF18aacmnbd, less than 5 detections
2018-11-06 14:05:23,698 - jnordin - INFO - 2018-11-06: Skipping ZTF18aaemivw, less than 5 detections
2018-11-06 14:05:23,702 - jnordin - INFO - 2018-11-06: Skipping ZTF18aaznrih, less than 5 detections
2018-11-06 14:05:23,708 - jnordin - INFO - 2018-11-06: Skipping ZTF18abacmps, less than 5 detections
2018-11-06 14:05:23,711 - jnordin - INFO - 2018-11-06: Skipping ZTF18abcrcmn, less than 5 detections
2018-11-06 14:05:23,716 - jnordin - INFO - 2018-11-06: Skipping ZTF18abdktqd, less than 5 detections
2018-11-06 14:05:23,719 - jnordin - INFO - 2018-11-06: Skipping ZTF18abgjtyn, less than 5 detections
2018-11-06 14:05:23,725 - jnordin - INFO - 2018-11-06: Skipping ZTF18abgoodz, less than 5 detections
2018-11-06 14:05:23,728 - jnordin - INFO - 2018-11-06: Skipping ZTF18abmjnyi, never reached limit 19.5
2018-11-06 14:05:23,734 - jnordin - INFO - 2018-11-06: Skipping ZTF18aboerzk, never reached limit 19.5
2018-11-06 14:05:23,738 - jnordin - INFO - 2018-11-06: Skipping ZTF18aboncwu, never reached limit 19.5
2018-11-06 14:05:23,740 - jnordin - INFO - 2018-11-06: Skipping ZTF18abryobq, less than 5 detections
2018-11-06 14:05:23,747 - jnordin - INFO - 2018-11-06: Skipping ZTF18abrzbyt, never reached limit 19.5
2018-11-06 14:05:23,749 - jnordin - INFO - 2018-11-06: Skipping ZTF18abrzcbp, never reached limit 19.5
2018-11-06 14:05:23,753 - jnordin - INFO - 2018-11-06: Skipping ZTF18abuifwq, never reached limit 19.5
2018-11-06 14:05:23,759 - jnordin - INFO - 2018-11-06: Skipping ZTF18abupjuc, less than 5 detections
2018-11-06 14:05:23,769 - jnordin - INFO - 2018-11-06: Skipping ZTF18abvdwru, never reached limit 19.5
2018-11-06 14:05:23,781 - jnordin - INFO - 2018-11-06: Skipping ZTF18abvdxgs, never reached limit 19.5
2018-11-06 14:05:23,784 - jnordin - INFO - 2018-11-06: Skipping ZTF18abvftne, never reached limit 19.5
2018-11-06 14:05:23,787 - jnordin - INFO - 2018-11-06: Skipping ZTF18abvgghe, less than 5 detections
2018-11-06 14:05:23,789 - jnordin - INFO - 2018-11-06: Skipping ZTF18abvmdmo, less than 5 detections
2018-11-06 14:05:23,792 - jnordin - INFO - 2018-11-06: Skipping ZTF18abvtmil, never reached limit 19.5
2018-11-06 14:05:23,794 - jnordin - INFO - 2018-11-06: Skipping ZTF18abwccnb, never reached limit 19.5
2018-11-06 14:05:23,796 - jnordin - INFO - 2018-11-06: Skipping ZTF18abwfhqb, never reached limit 19.5
2018-11-06 14:05:23,798 - jnordin - INFO - 2018-11-06: Skipping ZTF18abxftqm, less than 5 detections
2018-11-06 14:05:23,801 - jnordin - INFO - 2018-11-06: Skipping ZTF18abxjani, less than 5 detections
2018-11-06 14:05:23,803 - jnordin - INFO - 2018-11-06: Skipping ZTF18abxmblp, never reached limit 19.5
2018-11-06 14:05:23,810 - jnordin - INFO - 2018-11-06: Skipping ZTF18abxsmlf, less than 5 detections
2018-11-06 14:05:23,814 - jnordin - INFO - 2018-11-06: Skipping ZTF18abyiusv, never reached limit 19.5
2018-11-06 14:05:23,816 - jnordin - INFO - 2018-11-06: Skipping ZTF18abytumn, never reached limit 19.5
2018-11-06 14:05:23,819 - jnordin - INFO - 2018-11-06: Skipping ZTF18abywcnl, less than 5 detections
2018-11-06 14:05:23,821 - jnordin - INFO - 2018-11-06: Skipping ZTF18abzhbln, never reached limit 19.5
2018-11-06 14:05:23,827 - jnordin - INFO - 2018-11-06: Skipping ZTF18abzpjae, less than 5 detections
2018-11-06 14:05:23,830 - jnordin - INFO - 2018-11-06: Skipping ZTF18abztglo, less than 5 detections
2018-11-06 14:05:23,833 - jnordin - INFO - 2018-11-06: Skipping ZTF18acagbhm, never reached limit 19.5
2018-11-06 14:05:23,835 - jnordin - INFO - 2018-11-06: Skipping ZTF18acahxwj, never reached limit 19.5
2018-11-06 14:05:23,837 - jnordin - INFO - 2018-11-06: Skipping ZTF18acaiojm, never reached limit 19.5
2018-11-06 14:05:23,842 - jnordin - INFO - 2018-11-06: Skipping ZTF18acakeaj, never reached limit 19.5
2018-11-06 14:05:23,845 - jnordin - INFO - 2018-11-06: Skipping ZTF18acakmul, never reached limit 19.5
2018-11-06 14:05:23,848 - jnordin - INFO - 2018-11-06: Skipping ZTF18acakvih, never reached limit 19.5
2018-11-06 14:05:23,853 - jnordin - INFO - 2018-11-06: Skipping ZTF18acakwsu, less than 5 detections
2018-11-06 14:05:23,856 - jnordin - INFO - 2018-11-06: Skipping ZTF18acamwfw, never reached limit 19.5
2018-11-06 14:05:23,861 - jnordin - INFO - 2018-11-06: Skipping ZTF18acamyzd, never reached limit 19.5
2018-11-06 14:05:23,866 - jnordin - INFO - 2018-11-06: Skipping ZTF18acandwv, never reached limit 19.5
2018-11-06 14:05:23,869 - jnordin - INFO - 2018-11-06: Skipping ZTF18acaoecd, never reached limit 19.5
2018-11-06 14:05:23,872 - jnordin - INFO - 2018-11-06: Skipping ZTF18acaoqag, less than 5 detections
2018-11-06 14:05:23,874 - jnordin - INFO - 2018-11-06: Skipping ZTF18acapdba, never reached limit 19.5
2018-11-06 14:05:23,876 - jnordin - INFO - 2018-11-06: Skipping ZTF18acbuead, less than 5 detections
2018-11-06 14:05:23,879 - jnordin - INFO - 2018-11-06: Skipping ZTF18acbuehl, less than 5 detections
2018-11-06 14:05:23,882 - jnordin - INFO - 2018-11-06: Skipping ZTF18acbuyaf, never reached limit 19.5
2018-11-06 14:05:23,885 - jnordin - INFO - 2018-11-06: Skipping ZTF18acbuyeo, never reached limit 19.5
2018-11-06 14:05:23,887 - jnordin - INFO - 2018-11-06: Skipping ZTF18acbvcmw, less than 5 detections
2018-11-06 14:05:23,889 - jnordin - INFO - 2018-11-06: Skipping ZTF18acbvgcq, never reached limit 19.5
2018-11-06 14:05:23,893 - jnordin - INFO - 2018-11-06: Skipping ZTF18acbvgry, less than 5 detections
2018-11-06 14:05:23,897 - jnordin - INFO - 2018-11-06: Skipping ZTF18acbvgsm, never reached limit 19.5
2018-11-06 14:05:23,900 - jnordin - INFO - 2018-11-06: Skipping ZTF18acbvhzt, never reached limit 19.5
2018-11-06 14:05:23,904 - jnordin - INFO - 2018-11-06: Skipping ZTF18acbvibd, never reached limit 19.5
2018-11-06 14:05:23,908 - jnordin - INFO - 2018-11-06: Skipping ZTF18acbvifx, never reached limit 19.5
2018-11-06 14:05:23,915 - jnordin - INFO - 2018-11-06: Skipping ZTF18acbvijf, less than 5 detections
2018-11-06 14:05:23,919 - jnordin - INFO - 2018-11-06: Skipping ZTF18acbvkwl, less than 5 detections
2018-11-06 14:05:23,921 - jnordin - INFO - 2018-11-06: Skipping ZTF18acbvmcl, never reached limit 19.5
2018-11-06 14:05:23,924 - jnordin - INFO - 2018-11-06: Skipping ZTF18acbvmzg, never reached limit 19.5
2018-11-06 14:05:23,927 - jnordin - INFO - 2018-11-06: Skipping ZTF18acbvqwb, never reached limit 19.5
2018-11-06 14:05:23,929 - jnordin - INFO - 2018-11-06: Skipping ZTF18acbvrsz, never reached limit 19.5
2018-11-06 14:05:23,933 - jnordin - INFO - 2018-11-06: Skipping ZTF18acbvtza, never reached limit 19.5
2018-11-06 14:05:23,935 - jnordin - INFO - 2018-11-06: Skipping ZTF18acbvugp, less than 5 detections
2018-11-06 14:05:23,937 - jnordin - INFO - 2018-11-06: Skipping ZTF18acbvuli, less than 5 detections
2018-11-06 14:05:23,941 - jnordin - INFO - 2018-11-06: Skipping ZTF18acbvzkt, less than 5 detections
2018-11-06 14:05:23,945 - jnordin - INFO - 2018-11-06: Skipping ZTF18acbvzrn, never reached limit 19.5
2018-11-06 14:05:23,950 - jnordin - INFO - 2018-11-06: Skipping ZTF18acbwaax, less than 5 detections
2018-11-06 14:05:23,954 - jnordin - INFO - 2018-11-06: Skipping ZTF18acbwapi, less than 5 detections
2018-11-06 14:05:23,958 - jnordin - INFO - 2018-11-06: Skipping ZTF18acbwarv, less than 5 detections
2018-11-06 14:05:23,961 - jnordin - INFO - 2018-11-06: Skipping ZTF18acbwatp, less than 5 detections
2018-11-06 14:05:23,967 - jnordin - INFO - 2018-11-06: Skipping ZTF18acbwavp, less than 5 detections
2018-11-06 14:05:23,969 - jnordin - INFO - 2018-11-06: Skipping ZTF18acbwawc, less than 5 detections
2018-11-06 14:05:23,971 - jnordin - INFO - 2018-11-06: Skipping ZTF18acbwchi, less than 5 detections
2018-11-06 14:05:23,974 - jnordin - INFO - 2018-11-06: Skipping ZTF18acbwdgf, never reached limit 19.5
2018-11-06 14:05:23,978 - jnordin - INFO - 2018-11-06: Skipping ZTF18acbwfwp, never reached limit 19.5
2018-11-06 14:05:23,981 - jnordin - INFO - 2018-11-06: Skipping ZTF18acbwgcd, less than 5 detections
2018-11-06 14:05:23,985 - jnordin - INFO - 2018-11-06: Skipping ZTF18acbwgdu, never reached limit 19.5
2018-11-06 14:05:23,988 - jnordin - INFO - 2018-11-06: Skipping ZTF18acbwgdy, never reached limit 19.5
2018-11-06 14:05:23,992 - jnordin - INFO - 2018-11-06: Skipping ZTF18acbwgel, never reached limit 19.5
2018-11-06 14:05:23,994 - jnordin - INFO - 2018-11-06: Skipping ZTF18acbwgfe, never reached limit 19.5
2018-11-06 14:05:23,998 - jnordin - INFO - 2018-11-06: Skipping ZTF18acbwgin, less than 5 detections
2018-11-06 14:05:24,001 - jnordin - INFO - 2018-11-06: Skipping ZTF18acbwkso, less than 5 detections
2018-11-06 14:05:24,004 - jnordin - INFO - 2018-11-06: Skipping ZTF18acbwvsq, less than 5 detections
2018-11-06 14:05:24,007 - jnordin - INFO - 2018-11-06: Skipping ZTF18acbwwpm, never reached limit 19.5
2018-11-06 14:05:24,011 - jnordin - INFO - 2018-11-06: Skipping ZTF18acbwxfk, never reached limit 19.5
2018-11-06 14:05:24,015 - jnordin - INFO - 2018-11-06: Skipping ZTF18acbwxgn, less than 5 detections
2018-11-06 14:05:24,019 - jnordin - INFO - 2018-11-06: Skipping ZTF18acbxkpa, less than 5 detections
2018-11-06 14:05:24,025 - jnordin - INFO - 2018-11-06: Skipping ZTF18acbxnui, never reached limit 19.5
2018-11-06 14:05:24,029 - jnordin - INFO - 2018-11-06: Skipping ZTF18acbxpyb, never reached limit 19.5
2018-11-06 14:05:24,032 - jnordin - INFO - 2018-11-06: Skipping ZTF18acbxqyz, less than 5 detections
2018-11-06 14:05:24,035 - jnordin - INFO - 2018-11-06: Skipping ZTF18acbxrdw, less than 5 detections
2018-11-06 14:05:24,037 - jnordin - INFO - 2018-11-06: Skipping ZTF18acbxrft, never reached limit 19.5
2018-11-06 14:05:24,043 - jnordin - INFO - 2018-11-06: Skipping ZTF18acbxrqg, less than 5 detections
2018-11-06 14:05:24,046 - jnordin - INFO - 2018-11-06: Skipping ZTF18acbxrrx, less than 5 detections
2018-11-06 14:05:24,050 - jnordin - INFO - 2018-11-06: Skipping ZTF18acbxshd, less than 5 detections
2018-11-06 14:05:24,053 - jnordin - INFO - 2018-11-06: Skipping ZTF18acbxwpo, never reached limit 19.5
2018-11-06 14:05:24,059 - jnordin - INFO - 2018-11-06: Skipping ZTF18acbybjd, never reached limit 19.5
2018-11-06 14:05:24,063 - jnordin - INFO - 2018-11-06: Skipping ZTF18acbycen, never reached limit 19.5
2018-11-06 14:05:24,066 - jnordin - INFO - 2018-11-06: Skipping ZTF18acbycjw, less than 5 detections
2018-11-06 14:05:24,068 - jnordin - INFO - 2018-11-06: Skipping ZTF18acbyfwa, never reached limit 19.5
2018-11-06 14:05:24,075 - jnordin - INFO - 2018-11-06: Skipping ZTF18acbyluk, never reached limit 19.5
2018-11-06 14:05:24,078 - jnordin - INFO - 2018-11-06: Skipping ZTF18acbymvk, never reached limit 19.5
2018-11-06 14:05:24,081 - jnordin - INFO - 2018-11-06: Skipping ZTF18acbyqdo, never reached limit 19.5
2018-11-06 14:05:24,083 - jnordin - INFO - 2018-11-06: Skipping ZTF18acbyrmw, less than 5 detections
2018-11-06 14:05:24,086 - jnordin - INFO - 2018-11-06: Skipping ZTF18acbyseo, never reached limit 19.5
2018-11-06 14:05:24,089 - jnordin - INFO - 2018-11-06: Skipping ZTF18acbyvzv, never reached limit 19.5
2018-11-06 14:05:24,091 - jnordin - INFO - 2018-11-06: Skipping ZTF18acbzldg, less than 5 detections
2018-11-06 14:05:24,092 - jnordin - INFO - 2018-11-06: Skipping ZTF18acbzloy, never reached limit 19.5
2018-11-06 14:05:24,097 - jnordin - INFO - 2018-11-06: Skipping ZTF18acbznbe, less than 5 detections
2018-11-06 14:05:24,100 - jnordin - INFO - 2018-11-06: Skipping ZTF18acbznkf, less than 5 detections
2018-11-06 14:05:24,105 - jnordin - INFO - 2018-11-06: Skipping ZTF18acbzoyh, less than 5 detections
2018-11-06 14:05:24,107 - jnordin - INFO - 2018-11-06: Skipping ZTF18acbzpxx, less than 5 detections
2018-11-06 14:05:24,109 - jnordin - INFO - 2018-11-06: Skipping ZTF18acbzqsu, never reached limit 19.5
2018-11-06 14:05:24,111 - jnordin - INFO - 2018-11-06: Skipping ZTF18acbzvrn, never reached limit 19.5
2018-11-06 14:05:24,113 - jnordin - INFO - 2018-11-06: Skipping ZTF18acbzvtq, never reached limit 19.5
2018-11-06 14:05:24,118 - jnordin - INFO - 2018-11-06: Skipping ZTF18acbzvuu, never reached limit 19.5
2018-11-06 14:05:24,120 - jnordin - INFO - 2018-11-06: Skipping ZTF18accaygj, less than 5 detections
2018-11-06 14:05:24,123 - jnordin - INFO - 2018-11-06: Skipping ZTF18acccdcg, never reached limit 19.5
2018-11-06 14:05:24,128 - jnordin - INFO - 2018-11-06: Skipping ZTF18accdenl, never reached limit 19.5
2018-11-06 14:05:24,130 - jnordin - INFO - 2018-11-06: Skipping ZTF18acchzyo, never reached limit 19.5
2018-11-06 14:05:24,133 - jnordin - INFO - 2018-11-06: Skipping ZTF18accjqvl, never reached limit 19.5
2018-11-06 14:05:24,135 - jnordin - INFO - 2018-11-06: Skipping ZTF18accjqzu, less than 5 detections
2018-11-06 14:05:24,138 - jnordin - INFO - 2018-11-06: Skipping ZTF18accjuwd, never reached limit 19.5
2018-11-06 14:05:24,144 - jnordin - INFO - 2018-11-06: Skipping ZTF18accjwbc, never reached limit 19.5
2018-11-06 14:05:24,147 - jnordin - INFO - 2018-11-06: Skipping ZTF18accjwtw, less than 5 detections
2018-11-06 14:05:24,149 - jnordin - INFO - 2018-11-06: Skipping ZTF18accjwuu, never reached limit 19.5
2018-11-06 14:05:24,152 - jnordin - INFO - 2018-11-06: Skipping ZTF18accjxzb, never reached limit 19.5
2018-11-06 14:05:24,155 - jnordin - INFO - 2018-11-06: Skipping ZTF18acckcfr, never reached limit 19.5
2018-11-06 14:05:24,158 - jnordin - INFO - 2018-11-06: Skipping ZTF18acckerv, never reached limit 19.5
2018-11-06 14:05:24,163 - jnordin - INFO - 2018-11-06: Skipping ZTF18acckpwc, never reached limit 19.5
2018-11-06 14:05:24,166 - jnordin - INFO - 2018-11-06: Skipping ZTF18acckpwj, never reached limit 19.5
2018-11-06 14:05:24,173 - jnordin - INFO - 2018-11-06: Skipping ZTF18acckteb, never reached limit 19.5
2018-11-06 14:05:24,176 - jnordin - INFO - 2018-11-06: Skipping ZTF18acckzsq, never reached limit 19.5
2018-11-06 14:05:24,181 - jnordin - INFO - 2018-11-06: Skipping ZTF18acclacf, never reached limit 19.5
2018-11-06 14:05:24,183 - jnordin - INFO - 2018-11-06: Skipping ZTF18acclewj, never reached limit 19.5
2018-11-06 14:05:24,188 - jnordin - INFO - 2018-11-06: Skipping ZTF18accmhgw, never reached limit 19.5
2018-11-06 14:05:24,191 - jnordin - INFO - 2018-11-06: Skipping ZTF18accmizj, never reached limit 19.5
2018-11-06 14:05:24,195 - jnordin - INFO - 2018-11-06: Skipping ZTF18accmnxg, never reached limit 19.5
2018-11-06 14:05:24,198 - jnordin - INFO - 2018-11-06: Skipping ZTF18accqztq, never reached limit 19.5
2018-11-06 14:05:24,201 - jnordin - INFO - 2018-11-06: Skipping ZTF18acctmer, never reached limit 19.5
2018-11-06 14:05:24,204 - jnordin - INFO - 2018-11-06: Skipping ZTF18accvbxc, never reached limit 19.5
2018-11-06 14:05:24,208 - jnordin - INFO - 2018-11-06: Skipping ZTF18accvjhi, never reached limit 19.5
2018-11-06 14:05:24,211 - jnordin - INFO - 2018-11-06: Skipping ZTF18accvkrz, never reached limit 19.5
2018-11-06 14:05:24,214 - jnordin - INFO - 2018-11-06: Skipping ZTF18accvslc, never reached limit 19.5
2018-11-06 14:05:24,217 - jnordin - INFO - 2018-11-06: Skipping ZTF17aaaadix, never reached limit 19.5
2018-11-06 14:05:24,221 - jnordin - INFO - 2018-11-06: Skipping ZTF17aaarine, less than 5 detections
2018-11-06 14:05:24,223 - jnordin - INFO - 2018-11-06: Skipping ZTF18aaadxzw, less than 5 detections
2018-11-06 14:05:24,227 - jnordin - INFO - 2018-11-06: Skipping ZTF18aacinqt, less than 5 detections
2018-11-06 14:05:24,235 - jnordin - INFO - 2018-11-06: Skipping ZTF18aaklpdo, less than 5 detections
2018-11-06 14:05:24,239 - jnordin - INFO - 2018-11-06: Skipping ZTF18aarpttw, never reached limit 19.5
2018-11-06 14:05:24,242 - jnordin - INFO - 2018-11-06: Skipping ZTF18aawsvej, never reached limit 19.5
2018-11-06 14:05:24,244 - jnordin - INFO - 2018-11-06: Skipping ZTF18aaxanmy, less than 5 detections
2018-11-06 14:05:24,247 - jnordin - INFO - 2018-11-06: Skipping ZTF18aaxndxa, less than 5 detections
2018-11-06 14:05:24,252 - jnordin - INFO - 2018-11-06: Skipping ZTF18abbnzzp, less than 5 detections
2018-11-06 14:05:24,254 - jnordin - INFO - 2018-11-06: Skipping ZTF18abcjwwx, less than 5 detections
2018-11-06 14:05:24,256 - jnordin - INFO - 2018-11-06: Skipping ZTF18abdfrmh, less than 5 detections
2018-11-06 14:05:24,258 - jnordin - INFO - 2018-11-06: Skipping ZTF18abmayrp, less than 5 detections
2018-11-06 14:05:24,260 - jnordin - INFO - 2018-11-06: Skipping ZTF18abndoyd, never reached limit 19.5
2018-11-06 14:05:24,263 - jnordin - INFO - 2018-11-06: Skipping ZTF18abqsquv, less than 5 detections
2018-11-06 14:05:24,270 - jnordin - INFO - 2018-11-06: Skipping ZTF18abssudm, less than 5 detections
2018-11-06 14:05:24,274 - jnordin - INFO - 2018-11-06: Skipping ZTF18abtpite, less than 5 detections
2018-11-06 14:05:24,277 - jnordin - INFO - 2018-11-06: Skipping ZTF18abuxkrh, never reached limit 19.5
2018-11-06 14:05:24,282 - jnordin - INFO - 2018-11-06: Skipping ZTF18abvgivy, less than 5 detections
2018-11-06 14:05:24,285 - jnordin - INFO - 2018-11-06: Skipping ZTF18abvloec, less than 5 detections
2018-11-06 14:05:24,288 - jnordin - INFO - 2018-11-06: Skipping ZTF18abvrvdk, less than 5 detections
2018-11-06 14:05:24,293 - jnordin - INFO - 2018-11-06: Skipping ZTF18abvuanh, never reached limit 19.5
2018-11-06 14:05:24,295 - jnordin - INFO - 2018-11-06: Skipping ZTF18abwtbmg, never reached limit 19.5
2018-11-06 14:05:24,298 - jnordin - INFO - 2018-11-06: Skipping ZTF18abxbjiy, less than 5 detections
2018-11-06 14:05:24,300 - jnordin - INFO - 2018-11-06: Skipping ZTF18abxbmqh, less than 5 detections
2018-11-06 14:05:24,302 - jnordin - INFO - 2018-11-06: Skipping ZTF18abxijpg, less than 5 detections
2018-11-06 14:05:24,304 - jnordin - INFO - 2018-11-06: Skipping ZTF18abydjpq, less than 5 detections
2018-11-06 14:05:24,306 - jnordin - INFO - 2018-11-06: Skipping ZTF18abyfcns, less than 5 detections
2018-11-06 14:05:24,308 - jnordin - INFO - 2018-11-06: Skipping ZTF18abzscns, less than 5 detections
2018-11-06 14:05:24,310 - jnordin - INFO - 2018-11-06: Skipping ZTF18acaibel, never reached limit 19.5
2018-11-06 14:05:24,312 - jnordin - INFO - 2018-11-06: Skipping ZTF18acajvnu, less than 5 detections
2018-11-06 14:05:24,319 - jnordin - INFO - 2018-11-06: Skipping ZTF18acajwri, never reached limit 19.5
2018-11-06 14:05:24,323 - jnordin - INFO - 2018-11-06: Skipping ZTF18acakfha, never reached limit 19.5
2018-11-06 14:05:24,325 - jnordin - INFO - 2018-11-06: Skipping ZTF18acakjaf, never reached limit 19.5
2018-11-06 14:05:24,329 - jnordin - INFO - 2018-11-06: Skipping ZTF18acaknpa, never reached limit 19.5
2018-11-06 14:05:24,331 - jnordin - INFO - 2018-11-06: Skipping ZTF18acaobwd, never reached limit 19.5
2018-11-06 14:05:24,335 - jnordin - INFO - 2018-11-06: Skipping ZTF18acatbcp, less than 5 detections
2018-11-06 14:05:24,338 - jnordin - INFO - 2018-11-06: Skipping ZTF18acatfau, never reached limit 19.5
2018-11-06 14:05:24,341 - jnordin - INFO - 2018-11-06: Skipping ZTF18acbuftp, never reached limit 19.5
2018-11-06 14:05:24,345 - jnordin - INFO - 2018-11-06: Skipping ZTF18acbufye, never reached limit 19.5
2018-11-06 14:05:24,348 - jnordin - INFO - 2018-11-06: Skipping ZTF18acbugzw, never reached limit 19.5
2018-11-06 14:05:24,353 - jnordin - INFO - 2018-11-06: Skipping ZTF18acbuxby, never reached limit 19.5
2018-11-06 14:05:24,363 - jnordin - INFO - 2018-11-06: Skipping ZTF18acbvgtj, never reached limit 19.5
2018-11-06 14:05:24,365 - jnordin - INFO - 2018-11-06: Skipping ZTF18acbvhqi, less than 5 detections
2018-11-06 14:05:24,370 - jnordin - INFO - 2018-11-06: Skipping ZTF18acbvmjq, less than 5 detections
2018-11-06 14:05:24,373 - jnordin - INFO - 2018-11-06: Skipping ZTF18acbvpzj, less than 5 detections
2018-11-06 14:05:24,385 - jnordin - INFO - 2018-11-06: Skipping ZTF18acbvtqz, never reached limit 19.5
2018-11-06 14:05:24,389 - jnordin - INFO - 2018-11-06: Skipping ZTF18acbvtuk, never reached limit 19.5
2018-11-06 14:05:24,393 - jnordin - INFO - 2018-11-06: Skipping ZTF18acbvzpo, never reached limit 19.5
2018-11-06 14:05:24,397 - jnordin - INFO - 2018-11-06: Skipping ZTF18acbvzsi, never reached limit 19.5
2018-11-06 14:05:24,400 - jnordin - INFO - 2018-11-06: Skipping ZTF18acbwdiz, never reached limit 19.5
2018-11-06 14:05:24,402 - jnordin - INFO - 2018-11-06: Skipping ZTF18acbwdxy, never reached limit 19.5
2018-11-06 14:05:24,406 - jnordin - INFO - 2018-11-06: Skipping ZTF18acbwdym, never reached limit 19.5
2018-11-06 14:05:24,409 - jnordin - INFO - 2018-11-06: Skipping ZTF18acbwehh, never reached limit 19.5
2018-11-06 14:05:24,414 - jnordin - INFO - 2018-11-06: Skipping ZTF18acbwfvt, never reached limit 19.5
2018-11-06 14:05:24,419 - jnordin - INFO - 2018-11-06: Skipping ZTF18acbwgcu, never reached limit 19.5
2018-11-06 14:05:24,422 - jnordin - INFO - 2018-11-06: Skipping ZTF18acbwgmi, never reached limit 19.5
2018-11-06 14:05:24,425 - jnordin - INFO - 2018-11-06: Skipping ZTF18acbwuts, never reached limit 19.5
2018-11-06 14:05:24,428 - jnordin - INFO - 2018-11-06: Skipping ZTF18acbxmvy, less than 5 detections
2018-11-06 14:05:24,431 - jnordin - INFO - 2018-11-06: Skipping ZTF18acbxrym, never reached limit 19.5
2018-11-06 14:05:24,435 - jnordin - INFO - 2018-11-06: Skipping ZTF18acbxsgy, less than 5 detections
2018-11-06 14:05:24,438 - jnordin - INFO - 2018-11-06: Skipping ZTF18acbxwta, never reached limit 19.5
2018-11-06 14:05:24,441 - jnordin - INFO - 2018-11-06: Skipping ZTF18acbykoz, never reached limit 19.5
2018-11-06 14:05:24,444 - jnordin - INFO - 2018-11-06: Skipping ZTF18acbymou, never reached limit 19.5
2018-11-06 14:05:24,446 - jnordin - INFO - 2018-11-06: Skipping ZTF18acbyufw, never reached limit 19.5
2018-11-06 14:05:24,449 - jnordin - INFO - 2018-11-06: Skipping ZTF18acbzpag, less than 5 detections
2018-11-06 14:05:24,456 - jnordin - INFO - 2018-11-06: Skipping ZTF18acbzpbs, less than 5 detections
2018-11-06 14:05:24,459 - jnordin - INFO - 2018-11-06: Skipping ZTF18acbzpgy, less than 5 detections
2018-11-06 14:05:24,464 - jnordin - INFO - 2018-11-06: Skipping ZTF18acbzvfj, never reached limit 19.5
2018-11-06 14:05:24,468 - jnordin - INFO - 2018-11-06: Skipping ZTF18acbzwmn, less than 5 detections
2018-11-06 14:05:24,471 - jnordin - INFO - 2018-11-06: Skipping ZTF18acbzwms, never reached limit 19.5
2018-11-06 14:05:24,475 - jnordin - INFO - 2018-11-06: Skipping ZTF18accatdh, less than 5 detections
2018-11-06 14:05:24,478 - jnordin - INFO - 2018-11-06: Skipping ZTF18accdnyv, never reached limit 19.5
2018-11-06 14:05:24,481 - jnordin - INFO - 2018-11-06: Skipping ZTF18accdsxf, less than 5 detections
2018-11-06 14:05:24,486 - jnordin - INFO - 2018-11-06: Skipping ZTF18accdtag, less than 5 detections
2018-11-06 14:05:24,488 - jnordin - INFO - 2018-11-06: Skipping ZTF18accepsq, less than 5 detections
2018-11-06 14:05:24,489 - jnordin - INFO - 2018-11-06: Skipping ZTF18acceqkm, less than 5 detections
2018-11-06 14:05:24,492 - jnordin - INFO - 2018-11-06: Skipping ZTF18accewml, never reached limit 19.5
2018-11-06 14:05:24,494 - jnordin - INFO - 2018-11-06: Skipping ZTF18acchhpf, less than 5 detections
2018-11-06 14:05:24,497 - jnordin - INFO - 2018-11-06: Skipping ZTF18acchhxu, never reached limit 19.5
2018-11-06 14:05:24,499 - jnordin - INFO - 2018-11-06: Skipping ZTF18acchjgz, never reached limit 19.5
2018-11-06 14:05:24,502 - jnordin - INFO - 2018-11-06: Skipping ZTF18acchulk, never reached limit 19.5
2018-11-06 14:05:24,505 - jnordin - INFO - 2018-11-06: Skipping ZTF18acchzlc, never reached limit 19.5
2018-11-06 14:05:24,509 - jnordin - INFO - 2018-11-06: Skipping ZTF18acciaxb, less than 5 detections
2018-11-06 14:05:24,513 - jnordin - INFO - 2018-11-06: Skipping ZTF18accicnc, less than 5 detections
2018-11-06 14:05:24,515 - jnordin - INFO - 2018-11-06: Skipping ZTF18accjwuo, less than 5 detections
2018-11-06 14:05:24,518 - jnordin - INFO - 2018-11-06: Skipping ZTF18acckeay, never reached limit 19.5
2018-11-06 14:05:24,526 - jnordin - INFO - 2018-11-06: Skipping ZTF18acckfnj, never reached limit 19.5
2018-11-06 14:05:24,528 - jnordin - INFO - 2018-11-06: Skipping ZTF18acckgtf, never reached limit 19.5
2018-11-06 14:05:24,531 - jnordin - INFO - 2018-11-06: Skipping ZTF18acckgzz, never reached limit 19.5
2018-11-06 14:05:24,534 - jnordin - INFO - 2018-11-06: Skipping ZTF18accklnq, never reached limit 19.5
2018-11-06 14:05:24,537 - jnordin - INFO - 2018-11-06: Skipping ZTF18acckvkv, never reached limit 19.5
2018-11-06 14:05:24,539 - jnordin - INFO - 2018-11-06: Skipping ZTF18acclgfx, never reached limit 19.5
2018-11-06 14:05:24,543 - jnordin - INFO - 2018-11-06: Skipping ZTF18acclgpb, never reached limit 19.5
2018-11-06 14:05:24,545 - jnordin - INFO - 2018-11-06: Skipping ZTF18acclnzi, never reached limit 19.5
2018-11-06 14:05:24,547 - jnordin - INFO - 2018-11-06: Skipping ZTF18acclvvo, never reached limit 19.5
2018-11-06 14:05:24,551 - jnordin - INFO - 2018-11-06: Skipping ZTF18accnbgw, less than 5 detections
2018-11-06 14:05:24,553 - jnordin - INFO - 2018-11-06: Skipping ZTF18accnbid, never reached limit 19.5
2018-11-06 14:05:24,557 - jnordin - INFO - 2018-11-06: Skipping ZTF18accndre, never reached limit 19.5
2018-11-06 14:05:24,562 - jnordin - INFO - 2018-11-06: Skipping ZTF18accnfoi, never reached limit 19.5
2018-11-06 14:05:24,565 - jnordin - INFO - 2018-11-06: Skipping ZTF18accngxc, never reached limit 19.5
2018-11-06 14:05:24,568 - jnordin - INFO - 2018-11-06: Skipping ZTF18accnoli, less than 5 detections
2018-11-06 14:05:24,571 - jnordin - INFO - 2018-11-06: Skipping ZTF18accpoil, less than 5 detections
2018-11-06 14:05:24,577 - jnordin - INFO - 2018-11-06: Skipping ZTF18accsawg, never reached limit 19.5
2018-11-06 14:05:24,582 - jnordin - INFO - 2018-11-06: Skipping ZTF18acctsvr, never reached limit 19.5
2018-11-06 14:05:24,586 - jnordin - INFO - 2018-11-06: Skipping ZTF18accvfcs, never reached limit 19.5
2018-11-06 14:05:24,590 - jnordin - INFO - 2018-11-06: Skipping ZTF18accvuct, never reached limit 19.5
2018-11-06 14:05:24,593 - jnordin - INFO - 2018-11-06: Skipping ZTF18accxbta, never reached limit 19.5
2018-11-06 14:05:24,598 - jnordin - INFO - 2018-11-06: Skipping ZTF18accygta, less than 5 detections
2018-11-06 14:05:24,605 - jnordin - INFO - 2018-11-06: Skipping ZTF18acdwoag, less than 5 detections
2018-11-06 14:05:24,610 - jnordin - INFO - 2018-11-06: Skipping ZTF18acdxvir, never reached limit 19.5
2018-11-06 14:05:24,613 - jnordin - INFO - 2018-11-06: Skipping ZTF18acdyaec, never reached limit 19.5
2018-11-06 14:05:24,617 - jnordin - INFO - 2018-11-06: Skipping ZTF18acdyblz, never reached limit 19.5
2018-11-06 14:05:24,621 - jnordin - INFO - 2018-11-06: Skipping ZTF18acdyqrb, never reached limit 19.5
2018-11-06 14:05:24,625 - jnordin - INFO - 2018-11-06: Skipping ZTF18acdzeax, never reached limit 19.5
2018-11-06 14:05:24,629 - jnordin - INFO - 2018-11-06: Skipping ZTF18acdzjmt, never reached limit 19.5
2018-11-06 14:05:24,632 - jnordin - INFO - 2018-11-06: Skipping ZTF18acdzljt, never reached limit 19.5
2018-11-06 14:05:24,636 - jnordin - INFO - 2018-11-06: Skipping ZTF18acdzoqp, never reached limit 19.5
2018-11-06 14:05:24,638 - jnordin - INFO - 2018-11-06: Skipping ZTF18acebefc, less than 5 detections
2018-11-06 14:05:24,640 - jnordin - INFO - 2018-11-06: Skipping ZTF18acecpit, never reached limit 19.5
2018-11-06 14:05:24,643 - jnordin - INFO - 2018-11-06: Skipping ZTF18acectzf, less than 5 detections
2018-11-06 14:09:19,756 - jnordin - INFO - Sending SN 0 ZTF17aaawzer for possible follow-up
2018-11-06 14:09:30,802 - jnordin - INFO - Waiting for further obs for SN 1 ZTF18aaadxrh
2018-11-06 14:09:34,909 - jnordin - INFO - Waiting for further obs for SN 2 ZTF18aadrhsi
2018-11-06 14:09:43,513 - jnordin - INFO - I never want to see SN 3 ZTF18aaydhrk again!
2018-11-06 14:09:50,635 - jnordin - INFO - Waiting for further obs for SN 4 ZTF18abcjnpa
2018-11-06 14:10:26,398 - jnordin - INFO - Waiting for further obs for SN 5 ZTF18abckqaw
2018-11-06 14:10:44,988 - jnordin - INFO - Waiting for further obs for SN 6 ZTF18abcrppo
2018-11-06 14:10:57,711 - jnordin - INFO - Sending SN 7 ZTF18abttpes for possible follow-up
2018-11-06 14:12:20,658 - jnordin - INFO - Waiting for further obs for SN 8 ZTF18acbuzao
2018-11-06 14:12:26,408 - jnordin - INFO - Waiting for further obs for SN 9 ZTF18acbwfim
2018-11-06 14:12:34,582 - jnordin - INFO - Waiting for further obs for SN 10 ZTF18acbwgeg
2018-11-06 14:15:56,185 - jnordin - INFO - Sending SN 11 ZTF18acbyjtl for possible follow-up
2018-11-06 14:16:02,755 - jnordin - INFO - Waiting for further obs for SN 12 ZTF18acbwdwg
2018-11-06 14:16:10,606 - jnordin - INFO - Waiting for further obs for SN 13 ZTF18acbxyoe
2018-11-06 14:16:17,308 - jnordin - INFO - Sending SN 14 ZTF18acbyhwg for possible follow-up
2018-11-06 14:16:24,124 - jnordin - INFO - Waiting for further obs for SN 15 ZTF18acbznnc
2018-11-06 14:16:28,092 - jnordin - INFO - Full decision set: {0: 'Submit', 1: 'Wait', 2: 'Wait', 3: 'Garbage', 4: 'Wait', 5: 'Wait', 6: 'Wait', 7: 'Submit', 8: 'Wait', 9: 'Wait', 10: 'Wait', 11: 'Submit', 12: 'Wait', 13: 'Wait', 14: 'Submit', 15: 'Wait'}
2018-11-06 14:17:54,498 - jnordin - INFO - Trying to ingest ZTF17aaawzer through avroid 672262194915010001
2018-11-06 14:17:54,501 - jnordin - INFO - ... already a candidate with id 669297384915015011
2018-11-06 14:17:54,505 - jnordin - INFO - Trying to ingest ZTF18abttpes through avroid 671396925615015000
2018-11-06 14:17:54,506 - jnordin - INFO - ... already a candidate with id 674448241415010009
2018-11-06 14:17:54,509 - jnordin - INFO - Trying to ingest ZTF18acbyjtl through avroid 674364055215015012
2018-11-06 14:17:54,511 - jnordin - INFO - ... already a candidate with id 674364055215015012
2018-11-06 14:17:54,513 - jnordin - INFO - Trying to ingest ZTF18acbyhwg through avroid 674367824615015058
2018-11-06 14:18:10,253 - jnordin - INFO - Tried to ingest [674367824615015058], failed for [674367824615015058]
2018-11-06 15:37:00,826 - jnordin - INFO - Trying to ingest ZTF17aaawzer through avroid 672262194915010001
2018-11-06 15:37:00,827 - jnordin - INFO - ... already a candidate with id 669297384915015011
2018-11-06 15:37:00,835 - jnordin - INFO - Trying to ingest ZTF18abttpes through avroid 671396925615015000
2018-11-06 15:37:00,836 - jnordin - INFO - ... already a candidate with id 674448241415010009
2018-11-06 15:37:00,838 - jnordin - INFO - Trying to ingest ZTF18acbyjtl through avroid 674364055215015012
2018-11-06 15:37:00,839 - jnordin - INFO - ... already a candidate with id 674364055215015012
2018-11-06 15:37:00,841 - jnordin - INFO - Trying to ingest ZTF18acbyhwg through avroid 674367824615015058
2018-11-06 15:37:32,958 - jnordin - INFO - Tried to ingest [674367824615015058], failed for [674367824615015058]
2018-11-06 15:38:49,414 - jnordin - INFO - Try to save ZTF17aaawzer through candid 1538476
