2018-09-26 14:48:24,785 - jnordin - INFO - SN ZTF18aasdted classified with type SN Ia, skipping.
2018-09-26 14:48:27,523 - jnordin - INFO - SN ZTF18aauvptt classified with type AGN, skipping.
2018-09-26 14:48:56,656 - jnordin - INFO - Not enugh good data for SN ZTF18ablviog. Manual inspection prob needed.
2018-09-26 14:49:13,781 - jnordin - INFO - SN ZTF18abmxfrc classified with type SN Ia, skipping.
2018-09-26 14:49:16,031 - jnordin - INFO - SN ZTF18abnxhmc classified with type SN Ia, skipping.
2018-09-26 14:49:16,034 - jnordin - INFO - SN ZTF18abnvnqb classified with type SN Ia, skipping.
2018-09-26 14:49:16,036 - jnordin - INFO - SN ZTF18abkxlcz classified with type SN Ia, skipping.
2018-09-26 14:49:18,044 - jnordin - INFO - SN ZTF18abmnvkx classified with type AGN, skipping.
2018-09-26 14:49:18,045 - jnordin - INFO - SN ZTF18aboaeqy classified with type SN Ia, skipping.
2018-09-26 14:49:27,892 - jnordin - INFO - Not enugh good data for SN ZTF18abmjayl. Manual inspection prob needed.
2018-09-26 14:49:36,471 - jnordin - INFO - Not enugh good data for SN ZTF18abmszpd. Manual inspection prob needed.
2018-09-26 14:49:46,897 - jnordin - INFO - SN ZTF18abntwvr has too few filters for saltfit.
2018-09-26 14:50:23,243 - jnordin - INFO - Not enugh good data for SN ZTF18abmadcc. Manual inspection prob needed.
2018-09-26 14:50:25,171 - jnordin - INFO - Not enugh good data for SN ZTF18ablrwlk. Manual inspection prob needed.
2018-09-26 14:50:26,881 - jnordin - INFO - Not enugh good data for SN ZTF18abmdfba. Manual inspection prob needed.
2018-09-26 14:50:33,593 - jnordin - INFO - Not enugh good data for SN ZTF18abmorft. Manual inspection prob needed.
2018-09-26 14:50:35,247 - jnordin - INFO - Not enugh good data for SN ZTF18abmpbjy. Manual inspection prob needed.
2018-09-26 14:50:54,307 - jnordin - INFO - SN ZTF18abmwuml has too few filters for saltfit.
2018-09-26 14:50:56,018 - jnordin - INFO - Not enugh good data for SN ZTF18abmnssw. Manual inspection prob needed.
2018-09-26 14:51:15,538 - jnordin - INFO - SN ZTF18abncqfx has too few filters for saltfit.
2018-09-26 14:51:19,214 - jnordin - INFO - Not enugh good data for SN ZTF18abnzgwe. Manual inspection prob needed.
2018-09-26 14:51:30,592 - jnordin - INFO - SN ZTF18abnucig classified with type SN Ia, skipping.
2018-09-26 14:51:30,593 - jnordin - INFO - SN ZTF18abglwpn classified with type AGN, skipping.
2018-09-26 14:51:30,595 - jnordin - INFO - SN ZTF18abmaewl classified with type SN Ia, skipping.
2018-09-26 14:51:37,640 - jnordin - INFO - SN ZTF18ablwafp classified with type SLSN-I?, skipping.
2018-09-26 14:51:37,640 - jnordin - INFO - SN ZTF18abmjcbs classified with type SN Ia, skipping.
2018-09-26 14:51:42,888 - jnordin - INFO - SN ZTF18abncimo classified with type SN Ia, skipping.
2018-09-26 14:51:42,890 - jnordin - INFO - SN ZTF18abnygkb classified with type SN Ia, skipping.
2018-09-26 14:51:45,214 - jnordin - INFO - SN ZTF18abnvoel classified with type SN Ia, skipping.
2018-09-26 14:51:47,295 - jnordin - INFO - Not enugh good data for SN ZTF18aboqvfa. Manual inspection prob needed.
2018-09-26 14:51:53,857 - jnordin - INFO - Not enugh good data for SN ZTF18aborbhi. Manual inspection prob needed.
2018-09-26 14:51:55,443 - jnordin - INFO - SN ZTF18aborkxd has too few filters for saltfit.
2018-09-26 14:51:57,237 - jnordin - INFO - SN ZTF18aborkox has too few filters for saltfit.
2018-09-26 14:52:03,859 - jnordin - INFO - Not enugh good data for SN ZTF18abmkbqo. Manual inspection prob needed.
2018-09-26 14:52:07,747 - jnordin - INFO - SN ZTF18abotaki has too few filters for saltfit.
2018-09-26 14:52:14,626 - jnordin - INFO - SN ZTF18abpavnx has too few filters for saltfit.
2018-09-26 14:52:14,628 - jnordin - INFO - SN ZTF18abpaywm classified with type SN Ia, skipping.
2018-09-26 14:52:14,629 - jnordin - INFO - SN ZTF18aboztta classified with type SN Ia, skipping.
2018-09-26 14:52:14,631 - jnordin - INFO - SN ZTF18abmwpyl classified with type SN Ia, skipping.
2018-09-26 14:52:14,633 - jnordin - INFO - SN ZTF18abpttky classified with type SN Ia, skipping.
2018-09-26 14:52:16,241 - jnordin - INFO - Not enugh good data for SN ZTF18abanjoi. Manual inspection prob needed.
2018-09-26 14:52:18,839 - jnordin - INFO - SN ZTF18abnuhuy classified with type AGN, skipping.
2018-09-26 14:52:18,846 - jnordin - INFO - SN ZTF18abrlupd classified with type SN Ia, skipping.
2018-09-26 14:52:25,605 - jnordin - INFO - SN ZTF18abmskzu has too few filters for saltfit.
2018-09-26 14:52:29,660 - jnordin - INFO - SN ZTF18abqbuaj classified with type SN Ibn, skipping.
2018-09-26 14:52:29,661 - jnordin - INFO - SN ZTF18abqboud classified with type CV, skipping.
2018-09-26 14:52:29,662 - jnordin - INFO - SN ZTF18abqlpgq classified with type SN Ia, skipping.
2018-09-26 14:52:29,665 - jnordin - INFO - SN ZTF18abqbavl classified with type SN Ia, skipping.
2018-09-26 14:52:29,666 - jnordin - INFO - SN ZTF18abqdadp classified with type SN Ia, skipping.
2018-09-26 14:52:39,214 - jnordin - INFO - SN ZTF18abrwudp classified with type SN Ia, skipping.
2018-09-26 14:52:52,745 - jnordin - INFO - SN ZTF18abqjvyl classified with type SN Ia, skipping.
2018-09-26 14:52:59,501 - jnordin - INFO - SN ZTF18abpaori has too few filters for saltfit.
2018-09-26 14:53:03,804 - jnordin - INFO - SN ZTF18abolvoh classified with type SN Ia, skipping.
2018-09-26 14:53:14,901 - jnordin - INFO - SN ZTF18abrzevz classified with type SN Ia, skipping.
2018-09-26 14:53:14,903 - jnordin - INFO - SN ZTF18abqyvzy classified with type SN II, skipping.
2018-09-26 14:53:14,907 - jnordin - INFO - SN ZTF18absbsoz classified with type SN Ia, skipping.
2018-09-26 14:53:14,908 - jnordin - INFO - SN ZTF18ablvime classified with type SN Ia, skipping.
2018-09-26 14:53:16,865 - jnordin - INFO - SN ZTF18absdxpk classified with type SN Ia, skipping.
2018-09-26 14:53:16,866 - jnordin - INFO - SN ZTF18absliyc classified with type SN Ia pec, skipping.
2018-09-26 14:53:19,368 - jnordin - INFO - SN ZTF18absldfl classified with type SN II, skipping.
2018-09-26 14:53:37,370 - jnordin - INFO - SN ZTF18abotcjv classified with type SN Ia, skipping.
2018-09-26 14:53:37,371 - jnordin - INFO - SN ZTF18abnysyy classified with type SN Ia, skipping.
2018-09-26 14:53:40,000 - jnordin - INFO - SN ZTF18abshezu classified with type SLSN-I, skipping.
2018-09-26 14:53:40,002 - jnordin - INFO - SN ZTF18abryewg classified with type SN Ia 91T-like, skipping.
2018-09-26 14:53:40,007 - jnordin - INFO - SN ZTF18abssukb classified with type SN Ia, skipping.
2018-09-26 14:53:40,016 - jnordin - INFO - SN ZTF18absdjms classified with type SN Ia, skipping.
2018-09-26 14:54:29,975 - jnordin - INFO - SN ZTF18absumwc has too few filters for saltfit.
2018-09-26 14:54:45,768 - jnordin - INFO - SN ZTF18abukmty classified with type SN Ia, skipping.
2018-09-26 14:54:52,738 - jnordin - INFO - SN ZTF18abvbayb classified with type SN Ia, skipping.
2018-09-26 14:54:54,334 - jnordin - INFO - SN ZTF18abuhiaj has too few filters for saltfit.
2018-09-26 14:54:54,336 - jnordin - INFO - SN ZTF18abqapch classified with type SN Ia, skipping.
2018-09-26 14:54:56,851 - jnordin - INFO - SN ZTF18abuiknd classified with type SN Ia, skipping.
2018-09-26 14:55:06,065 - jnordin - INFO - SN ZTF18abslxhz classified with type SN Ia, skipping.
2018-09-26 14:55:13,328 - jnordin - INFO - SN ZTF18abwdcdv classified with type SN Ia, skipping.
2018-09-26 14:55:23,967 - jnordin - INFO - SN ZTF18abwclem has too few filters for saltfit.
2018-09-26 14:55:37,171 - jnordin - INFO - SN ZTF18abwlonm has too few filters for saltfit.
2018-09-26 14:55:47,590 - jnordin - INFO - SN ZTF18abwbaim has too few filters for saltfit.
2018-09-26 14:55:58,575 - jnordin - INFO - SN ZTF18abwxhjo has too few filters for saltfit.
2018-09-26 14:55:58,580 - jnordin - INFO - SN ZTF18abucvbf classified with type SN Ia, skipping.
2018-09-26 14:56:05,143 - jnordin - INFO - SN ZTF18abwlopg has too few filters for saltfit.
2018-09-26 14:56:30,415 - jnordin - INFO - SN ZTF18abvkhul classified with type SN Ia, skipping.
2018-09-26 14:56:43,199 - jnordin - INFO - SN ZTF18abxfcql has too few filters for saltfit.
2018-09-26 14:56:43,201 - jnordin - INFO - SN ZTF18abtcdfv classified with type SN Ia, skipping.
2018-09-26 14:56:43,208 - jnordin - INFO - SN ZTF18absiymj classified with type SN Ia, skipping.
2018-09-26 14:56:49,752 - jnordin - INFO - SN ZTF18abylgru has too few filters for saltfit.
2018-09-26 14:57:03,906 - jnordin - INFO - SN ZTF18abdkkwa classified with type SN Ic, skipping.
2018-09-26 15:01:11,935 - jnordin - INFO - ZTF18aakgsmi Faded too much while waiting. Call P200 or Keck?
2018-09-26 15:02:57,043 - jnordin - INFO - Nice looking likely SN ZTF18aaupjtd.
2018-09-26 15:03:07,109 - jnordin - INFO - Object ZTF18abmwzws most likely not SNIa. 
2018-09-26 15:03:27,305 - jnordin - INFO - Too little data of ZTF18abddhaa, skip. 
2018-09-26 15:03:33,199 - jnordin - INFO - Too little data of ZTF18abddgzz, skip. 
2018-09-26 15:03:36,203 - jnordin - INFO - Too little data of ZTF18abgucjb, skip. 
2018-09-26 15:03:39,647 - jnordin - INFO - Too little data of ZTF18ablvpuj, skip. 
2018-09-26 15:03:42,067 - jnordin - INFO - Too little data of ZTF18ablqqeb, skip. 
2018-09-26 15:03:50,400 - jnordin - INFO - Nice looking likely SN ZTF18ablllyw.
2018-09-26 15:04:20,633 - jnordin - INFO - Object ZTF18ablwwwb most likely not SNIa. 
2018-09-26 15:04:24,330 - jnordin - INFO - Too little data of ZTF18ablowct, skip. 
2018-09-26 15:04:28,422 - jnordin - INFO - Object ZTF18abmjzjq most likely not SNIa. 
2018-09-26 15:04:33,883 - jnordin - INFO - Too little data of ZTF18abokvkt, skip. 
2018-09-26 15:04:37,695 - jnordin - INFO - Too little data of ZTF18aboivnq, skip. 
2018-09-26 15:04:41,392 - jnordin - INFO - Object ZTF18abnblil most likely not SNIa. 
2018-09-26 15:04:44,593 - jnordin - INFO - Too little data of ZTF18ablovvu, skip. 
2018-09-26 15:06:32,310 - jnordin - INFO - Too little data of ZTF18abmacke, skip. 
2018-09-26 15:06:55,185 - jnordin - INFO - Adding ZTF18aaupjtd to obs queue with setting VeryGood.
2018-09-26 15:06:55,188 - jnordin - INFO - ZTF18ablllyw already in obs queue. Adding with setting VeryGood.
2018-09-26 15:08:01,927 - jnordin - INFO - ZTF18ablllyw could be Cosmology SEDM target? peakmag 19.28 recentmag 19.84.
2018-09-26 15:08:01,933 - jnordin - INFO - ZTF18ablllyw could be Cosmology SEDM target? peakmag 18.9 recentmag 19.7275.
2018-09-26 15:08:01,937 - jnordin - INFO - ZTF18ablllyw could be RCF target? peakmag 18.27 recentmag 19.217142857142854.
2018-09-26 15:08:01,942 - jnordin - INFO - ZTF18ablllyw could be Cosmology SEDM target? peakmag 19.2 recentmag 19.41.
2018-09-26 15:08:01,947 - jnordin - INFO - ZTF18ablllyw could be Cosmology SEDM target? peakmag 19.39 recentmag 19.93.
2018-09-26 15:08:01,955 - jnordin - INFO - ZTF18ablllyw could be Cosmology SEDM target? peakmag 18.76 recentmag 18.964000000000002.
2018-09-26 15:08:01,958 - jnordin - INFO - ZTF18ablllyw could be Cosmology SEDM target? peakmag 19.29 recentmag 19.354999999999997.
2018-09-26 15:08:01,962 - jnordin - INFO - ZTF18ablllyw could be Cosmology SEDM target? peakmag 19.34 recentmag 19.34.
2018-09-26 15:08:01,967 - jnordin - INFO - ZTF18ablllyw could be Cosmology SEDM target? peakmag 19.46 recentmag 19.675.
2018-09-26 15:08:01,974 - jnordin - INFO - ZTF18ablllyw could be Cosmology SEDM target? peakmag 19.22 recentmag 19.436111111111114.
2018-09-26 15:08:01,976 - jnordin - INFO - ZTF18ablllyw could be Cosmology SEDM target? peakmag 19.18 recentmag 19.236666666666668.
2018-09-26 15:08:01,982 - jnordin - INFO - ZTF18ablllyw could be Cosmology SEDM target? peakmag 19.13 recentmag 19.2.
2018-09-26 15:08:01,986 - jnordin - INFO - ZTF18ablllyw could be Cosmology SEDM target? peakmag 19.26 recentmag 19.41294117647059.
2018-09-26 15:08:01,993 - jnordin - INFO - ZTF18ablllyw could be Cosmology SEDM target? peakmag 19.11 recentmag 19.1475.
2018-09-26 15:08:02,000 - jnordin - INFO - ZTF18ablllyw could be Cosmology SEDM target? peakmag 19.37 recentmag 19.450000000000003.
2018-09-26 15:08:02,014 - jnordin - INFO - ZTF18ablllyw could be Cosmology SEDM target? peakmag 18.84 recentmag 19.172448979591834.
2018-09-26 15:08:02,018 - jnordin - INFO - ZTF18ablllyw could be Cosmology SEDM target? peakmag 19.07 recentmag 19.439999999999998.
2018-09-26 15:08:02,023 - jnordin - INFO - ZTF18ablllyw could be Cosmology SEDM target? peakmag 19.0 recentmag 19.234482758620693.
2018-09-26 15:08:02,027 - jnordin - INFO - ZTF18ablllyw could be Cosmology SEDM target? peakmag 18.99 recentmag 19.18166666666667.
2018-09-26 15:08:02,036 - jnordin - INFO - ZTF18ablllyw could be Cosmology SEDM target? peakmag 18.73 recentmag 19.18217391304348.
2018-09-26 15:08:02,040 - jnordin - INFO - ZTF18ablllyw could be RCF target? peakmag 18.37 recentmag 18.753333333333334.
2018-09-26 15:08:02,042 - jnordin - INFO - ZTF18ablllyw could be Cosmology SEDM target? peakmag 19.08 recentmag 19.284285714285716.
2018-09-26 15:08:02,050 - jnordin - INFO - ZTF18ablllyw could be RCF target? peakmag 17.53 recentmag 17.53.
2018-09-26 15:08:02,054 - jnordin - INFO - ZTF18ablllyw could be Cosmology SEDM target? peakmag 19.03 recentmag 19.676666666666666.
2018-09-26 15:08:02,058 - jnordin - INFO - ZTF18ablllyw could be RCF target? peakmag 17.99 recentmag 18.6.
2018-09-26 15:08:02,064 - jnordin - INFO - ZTF18ablllyw could be Cosmology SEDM target? peakmag 18.99 recentmag 19.23148148148148.
2018-09-26 15:36:11,562 - jnordin - INFO - Too little data of ZTF18abmacke, skip. 
2018-09-26 15:36:16,331 - jnordin - INFO - Too little data of ZTF18aayhpph, skip. 
2018-09-26 15:36:24,001 - jnordin - INFO - Too little data of ZTF18abmrqmv, skip. 
2018-09-26 15:36:37,672 - jnordin - INFO - Too little data of ZTF18abmdxst, skip. 
